200
1 2973 50 2954 50 3003 50 2943 50 2876 50 2955 50 2881 50 2874 50 2970 50 2956 50 3103 22
2 4516 50 4625 50 4553 50 4536 50 4557 39
3 4454 50 4338 50 4305 50 4465 50 4374 31
4 4557 11 3103 28 3104 50 2983 50 3078 50 3030 50 2962 50 2964 50 2883 50 4479 50 2910 50 4519 50 4577 50 2891 50 3070 50 3164 50 4574 50 4525 50 2993 50 3020 50 2966 50 4508 50 4600 50 4618 50 4503 50 2858 50 3170 50 2787 50 4572 50 4483 50 4609 50 4527 50 2947 50 2982 50 4537 50 2859 50 3140 50 4576 50 2873 50 2852 50 3231 50 2960 50 3085 50 4512 50 2830 50 2997 50 3120 2
5 3120 48 2936 50 2924 50 2853 50 3124 50 3071 50 2975 50 2935 50 2932 50 3016 50 3177 50 3111 50 2867 50 2930 50 3106 50 3076 50 2808 50 2813 50 3127 50 2871 50 2878 50 3075 50 3142 50 2985 50 2974 50 3148 50 3014 50 3009 50 2959 50 2882 50 2854 50 2911 50 3046 50 3132 50 2941 50 2721 50 2980 8
6 4335 50 4326 50 4293 50 4294 50 4228 50 4346 50 4298 32
7 4374 19 4395 50 4397 50 2980 42 2940 50 2905 50 3008 50 3182 50 4419 50 3042 50 3261 50 3135 50 3044 50 3017 50 3024 50 4377 50 4417 50 3039 50 3154 50 3213 50 3258 50
8 4270 50 4152 50 4240 50 4017 50 4183 16
9 4641 50 4665 50 4697 32
10 4697 18 4635 50 4639 50 4711 50 4570 50 4593 50 4679 50 4473 50 4518 50 4769 9
11 4769 41 4528 50 4602 50 4595 45
12 4426 50 4595 5 4599 50 4620 50 4477 50 4614 50 4700 50 4751 50 4666 50 4634 50 4552 50 4659 50 4550 50 4587 50 4430 50 4605 50 4678 50 4453 50 4597 50 4626 50 4580 9
13 4580 41 4451 50 4440 50 4562 50 4539 50 2991 50 2894 50 4584 50 3153 50 3056 50 2753 50 4482 50 4564 50 2886 50 3163 50 4449 50 4499 50 4423 50 2999 50 4585 50 3118 50 3059 50 4439 50 2913 50 2797 50 4475 50 4401 50 3133 50 4433 50 4371 50 2892 50 2902 50 3082 50 4608 50 3080 50 4460 50 4298 18 2895 50 3084 50 4533 50 2890 50 2737 50 4325 50 4418 50 3281 50 4478 50 2953 50 4352 50 3169 50 2872 50 3648 50 4339 50 4421 50 4535 50 4487 50 2862 50 3058 50 3636 50 2699 50 4598 50 3237 50 3223 50 4610 50 2914 50 4468 50 3027 35
14 4393 50 4389 50 4368 50 4668 50 4624 50 4680 42
15 4741 50 4784 50 4680 8 4422 50 4691 50 4794 50 4717 50 4551 50 4705 50 4410 50 4725 50 4651 4
16 1171 50 1107 50 1297 50 1364 50 1186 50 1282 50 1245 50 1221 50 1041 50 1193 50 1342 50 995 50 1163 50 1075 50 1326 50 1271 50 1115 50 1330 50 1287 43
17 4651 46 4629 50 4776 50 4567 22
18 3027 15 2977 50 3193 50 3196 50 2719 50 3203 50 3156 50 3250 50 3167 50 3116 50 2978 50 3265 50 3214 50 3197 50 3518 50 3290 50 2814 50 3220 50 2828 50 2992 50 2995 50 2823 50 3198 46
19 4183 34 4091 50 3926 50 4042 28
20 3198 4 2795 50 2740 50 3491 50 3117 50 3091 50 3191 50 3089 50 3225 50 2971 50 3178 50 3334 50 3208 50 2868 50 2934 50 3094 50 2754 50 2802 50 2885 50 2915 50 3239 50 3077 50 2909 50 3397 50 2800 50 2833 50 2861 50 3066 50 2939 50 2887 50 3283 50 2749 50 3043 50 3048 50 2848 50 2903 50 2764 50 3432 50 2921 50 3204 41
21 4367 19
22 4367 31 4309 50 4567 28 4543 50 4777 50 4752 50 4677 50 4767 50 4441 50 4586 50 4461 50 4459 50 4467 50 4592 50 4307 50 4488 50 4304 50 4548 50 4388 50 4632 50 4481 50 4226 50 4340 50 4268 14
23 4268 36 4474 50 4396 50 4594 50 4429 50 4540 50 4568 50 4267 50 4531 50 4583 50 4714 50 4292 50 4703 49
24 3204 9 2869 50 3123 50 2942 50 3160 50 3341 50 3251 50 2816 50 2933 50 3529 50 3098 50 3598 50 3136 50 3347 50 2948 50 3074 50 3146 50 2825 50 2741 50 2774 50 2767 50 2824 50 3131 50 4703 1 3222 50 4788 50 3125 50 2952 50 3256 50 2880 50 3139 50 4372 50 4431 50 4522 50 4513 50 4273 50 4042 22 4381 50 2671 50 4686 50 3021 50 2917 50 3031 50 4534 50 4330 50 4507 50 3032 50 4313 50 4642 50 3262 50 3294 50 3179 50 4296 50 4243 50 4458 50 4660 50 4282 50 3576 50 3023 50 4144 50 4320 50 3105 50 3279 50 3338 50 3200 50 4445 50 4223 50 3018 50 4547 50 2994 50 4241 50 4432 50 4480 50 3691 50 4302 50 4612 50 2857 50 4364 50 4444 50 4259 34
25 4051 50 2855 50 3248 50 3158 50 2729 50 2780 50 3588 50 2841 50 3181 50 3112 50 2879 50 2762 50 2790 50 2958 50 2732 50 2781 50 4150 50 3310 50 2938 50 3063 50 3121 50 3101 50 3109 50 2765 50 2926 50 4122 50 3343 50 2998 50 3194 50 2735 50 3145 50 3604 26
26 45 50 65 50 58 50 3037 50 3050 50 2847 50 2843 50 2864 50 2791 50 2900 50 3001 50 2807 50 2972 50 2715 50 2820 50 2849 50 2986 50 42 50 2920 50 2988 50 76 50 2946 50 3069 50 3130 50 2931 50 3057 50 144 50 2839 50 3061 50 2725 50 3022 50 2906 50 2798 50 3129 50 2723 50 2840 50 2827 50 3060 50 2672 50 3099 50 2801 50 3115 50 3126 50 2766 50 3034 50 3006 50 86 50 2987 50 2850 50 3119 50 3107 50 2772 43
27 365 50 1287 7 1025 50 1294 50 292 50 1462 50 1154 50 1201 50 395 50 287 50 1215 50 1420 50 339 50 1003 50 1231 50 1044 50 1094 50 459 50 397 50 1187 50 1273 50 544 50 1004 50 1147 50 1247 43
28 3604 24 4120 50 3954 50 3276 50 4070 50 3159 37
29 4734 50 4800 50 4761 35
30 3159 13 3342 50 4063 50 3162 50 3430 50 3318 50 3183 50 3626 50 3549 50 3226 50 4009 50 3234 50 3215 50 3891 50 3245 50 3403 50 3511 50 3505 50 3273 50 3621 50 3672 50 3848 50 3548 50 3277 45
31 340 50 327 50 378 50 359 50 344 50 475 50 990 50 473 50 550 50 476 50 367 50 951 10
32 4259 16 4435 50 4463 50 4312 50 4390 50 4354 50 4227 50 4476 50 4450 50 4175 50 4456 50 4761 15 4200 50 4222 50 4452 50 4563 50 4775 50 4828 50 4355 50 4350 50 4323 50 4255 50 4589 50 4398 50 4812 50 4378 50 4469 50 4315 44
33 4315 6 4347 50 4542 50 4408 50 4334 50 4198 50 4161 50 4573 50 4579 50 4194 50 4284 50 4529 50 4358 50 4406 50 4310 50 4308 50 4365 50 4436 50 4314 50 4380 50 4342 50 4511 50 4351 50 4399 50 4212 50 4332 50 3277 5 3867 50 4087 50 4184 50 3143 50 3309 50 4333 50 4254 50 4506 50 3747 50 3696 50 3352 50 3190 50 3187 50 4360 50 3690 50 4457 50 4218 50 4225 50 4336 50 4443 50 3289 50 3151 50 3184 50 3240 50 3346 40
34 3346 10 3165 50 3380 50 3409 50 4172 50 4258 50 4187 50 4555 50 4188 50 4219 50 4427 50 4387 50 3244 50 4163 50 4321 50 4492 50 4182 50 4327 50 3235 50 3285 50 4363 50 3157 50 4204 50 4486 50 4136 50 4049 50 4207 50 4189 50 4167 50 4545 50 3249 50 3274 50 4329 50 4394 50 3374 50 4138 50 3238 50 4238 50 4560 24
35 4746 50 4772 50 4797 50 4778 50 4699 50 4833 50 4613 50 4631 50 4650 50 4606 50 4803 17
36 4803 33 4663 50 4622 50 4689 50 4873 50 4805 50 4560 26 3311 50 4530 50 4438 50 4802 50 4420 50 3271 50 3423 50 4386 50 4264 50 4544 50 4684 50 4164 50 4379 50 4701 50 3406 50 4019 50 4571 50 3331 50 3348 50 4134 22
37 4134 28 4318 50 3402 50 3928 50 4500 50 4362 50 4383 50 4819 50 3571 50 4295 50 4489 50 3267 50 4369 50 3328 50 3387 50 3860 50 3218 50 3367 50 4361 50 3394 50 3911 50 4442 31
38 3172 50 3192 50 3205 50 3171 50 3284 50 3217 50 3401 50 3209 50 2772 7 3243 50 3210 50 3028 50 3054 50 3088 50 3474 50 3557 50 3002 50 3029 50 2957 50 3019 50 3292 50 2722 50 3390 50 3113 50 3268 50 3506 50 2965 50 3134 50 3572 50 3733 50 3681 50 3067 50 3659 50 2945 50 3180 50 3750 50 2680 50 2865 50 3322 50 3266 50 2829 50 2835 50 3166 50 2927 50 3479 50 3355 50 3662 50 3206 50 3327 50 3011 50 3533 50 3340 50 3396 50 3468 50 3563 50 3253 50 2695 50 3282 50 3233 9
39 3233 41 3362 50 3412 50 2785 50 3068 50 3260 50 2739 50 2951 50 3398 50 3211 50 3392 50 2811 50 2863 50 3052 50 3100 50 3199 50 3411 50 2984 50 3344 50 3254 50 2759 50 3055 50 2771 50 3102 50 3137 50 2904 50 2908 50 3288 50 3230 50 3097 50 3461 50
40 4311 50 4322 50 4300 50 4286 50 4283 50 4128 50 4281 50 4083 50 3982 50 4277 50 4324 50 3971 50 4148 50 168 50 3808 50 4031 50 111 50 4209 50 4104 50 4271 50 4278 50 4034 50 4205 50 4206 50 4242 50 4018 50 4132 50 4251 50 4081 50 3855 50 4129 50 4247 50 4093 50 4166 50 4149 50 4272 50 4168 50 4249 50 4123 50 4234 50 3908 50 4142 50 4260 50 4213 50 3985 50 4048 50 4337 50 4299 50 3939 50 3890 50 4005 50 3645 50 3472 50 3523 50 3465 50 3620 50 132 50 4276 50 3881 50 4143 50 3812 50 4089 50 4115 38
41 3580 10
42 3580 10
43 3623 10
44 3095 10
45 4442 10
46 4442 9 4464 1
47 1247 7 1327 3
48 4464 10
49 3004 10
50 4464 10
51 1327 10
52 4464 10
53 1327 10
54 4464 10
55 3623 10
56 2724 10
57 15 10
58 4115 10
59 2512 10
60 4464 9 4357 1
61 4357 10
62 3623 10
63 4357 10
64 4357 10
65 3623 10
66 4357 10
67 220 10
68 4357 9 4343 1
69 4343 10
70 2724 10
71 4343 10
72 2724 10
73 3623 10
74 2512 10
75 1327 10
76 3580 10
77 4000 10
78 3095 10
79 4343 10
80 3095 10
81 220 10
82 2724 10
83 4115 2 4000 8
84 4343 10
85 3740 10
86 4343 9 4683 1
87 3740 10
88 3740 10
89 3740 10
90 2724 10
91 251 10
92 220 10
93 4683 10
94 3004 10
95 3580 10
96 3095 10
97 3580 10
98 2792 10
99 3095 10
100 3373 10
101 2540 10
102 85 10
103 1327 10
104 1327 7 1179 3
105 2792 10
106 3373 10
107 2692 10
108 4000 10
109 85 10
110 4000 10
111 4683 10
112 15 10
113 4683 10
114 4683 10
115 4413 10
116 4413 10
117 2792 10
118 4413 10
119 4683 9 4413 1
120 4413 10
121 3004 10
122 220 10
123 1179 10
124 3004 10
125 2792 10
126 4413 9 4349 1
127 4000 10
128 4000 2 3740 8
129 85 10
130 4349 10
131 3740 2 4044 8
132 220 10
133 4349 10
134 4349 10
135 3714 10
136 3004 10
137 15 10
138 1179 10
139 4349 10
140 3714 10
141 4349 9 4491 1
142 3665 10
143 2979 10
144 2979 10
145 2792 10
146 2979 10
147 3373 10
148 4044 10
149 3373 10
150 30 10
151 3128 10
152 4491 10
153 4403 10
154 196 10
155 1179 10
156 15 10
157 85 10
158 3373 10
159 251 10
160 4491 10
161 4491 10
162 15 10
163 3128 10
164 3128 10
165 3714 10
166 4491 10
167 1179 10
168 85 10
169 2979 10
170 4137 10
171 3714 10
172 2979 10
173 251 10
174 4491 9 4538 1
175 4538 10
176 3128 10
177 4044 10
178 4403 10
179 4538 10
180 4538 10
181 1179 7 1170 3
182 2555 10
183 1170 10
184 83 10
185 30 10
186 1170 10
187 2576 10
188 4044 10
189 4403 10
190 1170 10
191 51 10
192 4538 10
193 51 10
194 4538 9 4505 1
195 196 10
196 4044 10
197 3128 10
198 30 10
199 30 10
200 17 10
