3000
1 5906 600 5986 600 5885 600 6154 600 8777 600 5974 600 5835 600 9094 600 8995 600 8947 576
2 8947 24 8928 357
3 6155 600 6200 600 5841 596
4 9151 255
5 9151 345 8928 243 8824 600 8880 172
6 5841 4 6296 600 8880 428 6101 600 6122 600 6141 450
7 8976 364
8 8976 236 9220 165
9 6141 150 6039 600 6021 600 6034 600 6353 600 6191 600 5811 600 5889 600 5721 600 5672 600 6074 600 6225 600 6085 600 6213 277
10 9220 435 9017 600 9157 600 9182 600 8923 344
11 6213 14
12 9203 174
13 5971 600 6282 600 5865 600 5681 600 6186 600 5815 600 5630 185
14 8923 256 9084 600 9203 288
15 9191 440
16 9191 160 8920 237
17 8920 128
18 8818 600 8707 600 8703 600 5630 415 5911 486
19 5911 114 6112 600 6204 600 6073 600 6206 600 6273 600 6280 600 5951 419
20 9015 600 8986 481
21 9526 18
22 2556 600 5152 600 5146 55
23 5951 181 5876 600 6265 600 6153 600 6244 600 5894 600 5659 600 5759 600 5946 600 6041 61
24 8986 119 8892 286
25 9217 415
26 8701 600 6041 539 5617 600 5745 600 5861 441
27 5861 159 6255 458
28 8892 275
29 9217 185 9253 600 9193 600 9196 600 8868 514
30 9387 600 8868 86 9283 600 8817 10
31 6255 142 5629 600 6165 600 5639 600 6178 347
32 6178 253 6393 600 6430 600 5692 600 5918 600 5947 600 5778 600 5979 600 5828 600 6272 600 5780 600 5729 600 6150 500
33 8817 590 8766 600 8833 210
34 6150 100 5924 600 6238 235
35 6238 365 5788 600 6415 600 5553 600 6051 600 5796 600 5927 194
36 9047 88
37 9047 254
38 7526 511
39 9509 336
40 9343 600 9101 600 8833 390 9005 600 9060 600 9226 492
41 9226 108 8955 600 9245 600 8747 600 9091 600 9105 600 8752 600 9509 264 8852 600 8971 600 8815 600 9066 311
42 8872 600 8902 176
43 9066 289 9390 600 9202 189
44 5927 406 6127 600 6023 600 6032 600 6107 600 5849 600 5855 600 5955 59
45 9755 125
46 9202 411 9277 171
47 9277 429 8902 424 8958 600 9038 600 8953 600 9114 518
48 9114 82 8922 256
49 5955 541 5635 600 5893 600 6287 600 6343 600 6234 600 6115 600 5873 600 5913 440
50 8922 344 8942 600 9050 411
51 9050 189 8741 600 8876 337
52 5913 160 6035 600 5999 526
53 8797 357
54 8876 263 9048 600 9228 29
55 8648 328
56 7526 89 7621 370
57 5751 600 5767 600 5999 74 5859 600 5816 458
58 9228 50
59 8845 600 8835 600 9169 600 8977 600 5816 142 6157 600 6201 600 8797 243 8862 32
60 9251 600 9468 600 8862 568 9021 201
61 5830 600 6061 481
62 2221 600 2336 600 2576 600 2567 339
63 9021 90
64 6061 119 6339 600 6361 600 8648 272 8667 600 6350 600 5625 600 5960 296
65 9413 600 9123 554
66 5960 304 6049 117
67 9123 46 9237 342
68 9237 232
69 6049 103
70 5146 545 5175 600 5179 600 2567 261 2371 600 5183 600 5176 600 2172 128
71 9177 171
72 9177 429 8855 600 8609 600 8780 44
73 6152 600 6078 368
74 9928 105
75 9482 92
76 8479 600 8493 600 8571 404
77 6078 232 8780 556 5600 600 8597 600 5908 239
78 5649 232
79 5908 361 5935 600 6334 600 5649 368 6297 600 5993 600 6529 600 6063 600 6130 346
80 8861 600 8865 495
81 6130 254 8745 600 5717 600 5763 600 6329 600 5912 600 6477 600 5900 600 5786 127
82 9638 81
83 9482 508 8865 105 9312 600 9115 15
84 5786 473 6181 600 6398 600 6269 600 6253 600 6066 600 5878 600 6025 197
85 9115 585 8908 600 9052 600 9112 179
86 6025 403 6333 187
87 9112 421 9009 600 9449 600 8849 600 9100 95
88 8739 600 8883 600 8830 600 8859 600 6333 179
89 9100 505 9189 207
90 9431 9
91 2172 472 2090 600 2621 600 2650 483
92 6461 600 5929 600 6092 235
93 9638 223
94 6092 365 5827 390
95 9262 31
96 9189 293
97 9262 569 9152 600 9431 591 9345 600 8938 600 5827 210 6185 600 9016 600 8801 357
98 9755 8
99 8801 243 8737 600 9526 582 5556 600 6242 285
100 9206 484
101 6242 315 8886 600 6433 600 6471 219
102 5670 600 5715 600 6471 381 5772 600 5726 600 6093 337
103 8754 600 8828 600 8968 600 9028 600 6093 263 5521 600 6347 600 6442 600 8917 266
104 6568 180
105 8917 334 9033 600 9206 116 9255 304
106 5892 184
107 5892 416 5854 600 9255 296 9078 600 5774 600 9075 170
108 9075 430 9051 600 9000 269
109 9000 275
110 6143 13
111 9440 411
112 415 600 321 15
113 9750 101
114 4265 387
115 6143 587 6019 600 5660 600 6056 600 8767 600 8810 600 5831 600 6116 4
116 6116 596 5793 600 6479 600 6301 600 6302 600 5643 600 6010 532
117 7621 230 7955 523
118 9204 600 8588 172
119 9870 44
120 9440 189 8588 428 8860 600 6010 68 9379 600 5601 600 6322 600 8728 600 5782 600 8783 600 9429 600 6292 600 8699 600 5943 600 9001 577
121 5858 600 5987 600 6081 600 5920 600 5506 600 6028 85
122 6028 515 6568 195
123 9001 23 9083 316
124 6539 600 6006 139
125 2650 117 2366 600 2840 600 2599 229
126 9083 284 9457 600 8992 600 8822 600 8671 340
127 8671 260 8869 600 8583 600 9298 600 6006 461 8891 600 9118 352
128 6040 600 6362 600 5602 449
129 5602 151 5642 600 6283 600 6367 600 5837 600 6121 134
130 9118 248 9103 600 8983 600 9025 600 9087 600 9351 600 9129 600 9058 600 6121 363
131 8641 600 8840 600 6505 600 8870 553
132 6246 456
133 8870 47 8903 600 6246 144 8653 600 8646 600 8709 600 9412 600 5819 600 9371 600 8674 600 5655 600 6344 600 9252 590
134 8664 600 8571 196 8836 275
135 9252 10 8836 325 9304 600 8606 600 8716 600 8776 153
136 8776 447 8916 28
137 6158 600 6324 600 6340 125
138 6340 475 5888 600 5558 600 5696 600 5990 600 6483 600 5679 600 5998 600 6261 245
139 6261 355 6211 600 6385 54
140 6385 546 6125 600 5743 600 6136 600 8916 572 6008 600 6364 600 8934 600 5652 383
141 5652 217 8557 600 6151 600 8678 600 6126 358
142 6126 242 6437 600 6512 600 6139 600 5596 600 6005 600 6258 600 5738 600 6566 600 6526 600 6087 588
143 9829 26
144 9601 64
145 9156 600 9125 600 8484 105
146 8484 495 9173 315
147 6087 12 6022 600 6426 600 5938 600 6298 80
148 9173 285 8497 440
149 9452 224
150 9452 376 8497 160 8733 513
151 6298 520 5996 600 5590 600 6159 290
152 8733 87 8950 600 8894 600 8625 600 8560 314
153 8560 286 8831 600 8809 344
154 8809 256 8804 600 8874 600 8526 600 8834 600 9415 600 8742 600 8657 374
155 9519 600 9510 600 8657 226 9126 600 9171 600 9274 600 6159 310 7134 600 9269 600 5925 600 9065 242
156 9065 358 6326 600 5856 600 7955 77 8594 600 5733 600 9334 349
157 9334 152
158 7026 597
159 5826 600 5732 600 5731 600 5981 600 6014 600 5787 267
160 6469 600 6360 600 6365 597
161 6365 3 8756 600 6445 600 8875 600 6444 387
162 9417 133
163 8521 600 8895 197
164 6110 151
165 6110 449 6444 213 6588 600 9036 600 9417 467 8895 403 8537 600 6227 600 5787 333 5492 600 5957 600 6184 600 5982 600 6133 91
166 9701 237
167 6133 509 8508 600 9499 600 7026 3 8748 600 6171 600 5574 600 6342 600 6096 600 7153 600 5768 600 9149 256
168 9149 344 8424 600 9148 600 8585 600 8650 373
169 8650 227 9488 600 9576 351
170 6209 600 5699 600 6983 600 5454 582
171 9576 249 9144 177
172 9322 424
173 5454 18 5820 600 5705 600 7497 268
174 5311 600 5309 600 5276 598
175 9428 65
176 7497 332 5917 600 5720 600 5994 600 6551 223
177 8926 84
178 8926 516 6551 377 9044 600 8400 600 9034 600 5755 600 6481 600 8909 600 6182 600 6416 546
179 2599 371 2529 600 2610 600 2528 35
180 6416 54 5923 600 6260 600 6439 600 6018 344
181 9144 423 9322 176 9382 600 9281 600 8665 600 9045 600 8070 600 9272 600 9381 600 8997 600 6018 109
182 6305 600 7585 600 6057 600 5663 600 5870 600 8477 600 8554 600 5685 600 6496 130
183 6496 63
184 6037 600 6510 600 5725 600 5939 600 9428 535 9539 600 5664 600 5540 600 5864 600 5977 600 6135 600 7178 277
185 7178 323 6460 600 5975 5
186 5741 600 5734 195
187 5734 405 5821 600 5975 595 5922 600 8711 600 8596 336
188 8853 600 9323 4
189 8596 264 8788 600 8706 255
190 5890 600 5351 600 5654 600 5926 600 8877 600 8706 145
191 9323 596 9291 600 9392 597
192 5769 600 6998 600 6103 600 6325 434
193 9392 3 9287 600 9155 600 8559 407
194 8559 193 6325 166 6669 600 6229 60
195 6229 540 6310 319
196 8939 600 8763 290
197 6310 281 7917 600 5468 299
198 8763 310 8913 600 8941 600 8736 36
199 8736 286
200 5468 301 6172 600 6982 523
201 6982 77 6065 353
202 6065 247 6027 600 5622 600 6055 600 6024 600 5482 600 5453 271
203 8164 600 8608 600 8732 600 5453 329 6315 600 6168 485
204 8915 212
205 9928 30
206 9502 600 8915 388 9024 600 9188 65
207 9375 339
208 9188 470
209 7148 600 7349 266
210 8774 600 8841 488
211 8841 112 8887 86
212 9375 261 9339 347
213 6168 115 5942 600 6394 600 6331 600 8887 331
214 8603 600 8620 430
215 8620 83
216 5883 600 6090 600 5607 600 5936 287
217 8398 600 7349 219
218 5610 600 5614 600 5505 600 5570 600 5424 493
219 8978 331
220 9846 112
221 8978 126
222 5936 313 6323 600 6580 600 5845 600 8758 600 8975 600 6336 162
223 9225 600 9339 253 9601 358
224 6336 438 5882 600 7016 600 5799 600 5724 600 6401 600 6131 600 6528 24
225 9628 230
226 9628 11
227 9397 370
228 6528 576 6673 600 6263 600 6363 600 6609 600 6030 600 6235 600 6411 600 6156 600 6651 401
229 7777 600 6651 199 6215 554
230 6215 46 6392 600 6016 600 7065 600 6525 600 5931 600 6278 600 6596 600 6377 433
231 8879 600 8787 600 9214 533
232 9214 67 9043 600 9109 600 9306 600 8981 600 9166 334
233 9166 18
234 8462 600 8448 600 8330 112
235 8330 488 8422 226
236 8527 600 8798 600 8658 600 8690 600 8509 600 8778 349
237 8980 600 9307 600 9397 230 8898 600 9483 600 9026 600 8778 251 9491 600 8772 600 8677 600 8422 374 8469 600 6377 167 5860 600 5902 600 6414 228
238 6414 372 7850 600 8749 600 6422 600 8919 10
239 7844 600 8514 600 6423 33
240 8919 590 9133 600 9456 547
241 5822 281
242 5822 319 6198 600 5886 60
243 9096 93
244 9456 53 9096 507 8972 351
245 8972 249 9183 600 8952 41
246 8952 559 8765 600 5886 540 6423 567 8523 600 6351 472
247 9507 167
248 9421 140
249 6351 128 6319 600 6111 600 6368 600 7005 600 6664 600 6881 600 6438 600 5424 107 6386 600 6043 600 6650 519
250 8239 600 8495 600 8309 600 6650 81 8352 600 6384 600 6330 600 8351 600 5648 600 6231 600 5448 362
251 9421 328
252 6598 600 5628 600 5868 38
253 8612 26
254 5448 238 5868 562 5666 600 5818 600 5416 600 5832 600 5833 469
255 9750 103
256 9198 580
257 9198 20 9178 600 9153 600 9160 191
258 9790 189
259 2699 600 2684 102
260 9160 409 8612 574 9232 600 8967 600 8808 600 8613 600 9359 600 9229 600 7285 600 8948 600 9212 600 6304 600 7339 422
261 8759 235
262 7339 178 6720 600 6727 600 8150 600 6436 164
263 8759 365 8794 600 8714 600 9008 151
264 9179 26
265 6436 436 9179 574 9008 449 6106 600 6605 600 6506 600 8503 600 9167 600 7452 600 6550 600 9134 600 9270 420
266 8470 600 8485 600 7415 105
267 9507 291
268 5099 600 5094 583
269 9479 600 9311 600 9270 180 9282 87
270 6601 600 6482 327
271 9282 513 9346 600 9425 600 6482 273 7415 495 8882 600 6591 189
272 6591 411 8556 600 7474 179
273 9545 600 9676 315
274 7474 306
275 6144 600 6494 600 5833 131 6390 600 6299 160
276 5984 600 5781 600 5932 600 5644 472
277 7849 591
278 8696 159
279 9676 285 9466 88
280 7849 9 8464 145
281 8464 455 8488 153
282 6579 600 8488 447 6643 600 8499 600 7458 600 8158 600 8696 441 6299 440 6660 600 6220 600 6267 10
283 2383 600 2335 8
284 2335 9
285 9102 600 8871 140
286 9466 512 9506 99
287 9506 472
288 6267 590 8525 600 7966 600 8698 600 5644 128 6451 507
289 8472 398
290 8871 311
291 6451 93 6649 600 7316 600 8472 202 8404 600 8803 600 5650 600 5776 600 5869 600 5884 600 8786 600 8847 202
292 8847 398 6417 600 8746 600 5937 600 6756 515
293 5587 600 5844 600 5719 600 5623 600 6175 600 6251 600 5752 595
294 6756 85 7671 600 8442 600 6949 600 7751 600 8039 600 8489 155
295 8489 72
296 9138 600 9029 542
297 5752 5 6250 436
298 9801 27
299 5645 555
300 9029 58 9399 600 8540 600 9533 600 8358 600 8800 600 6250 164 5958 477
301 5958 123 5645 45 6176 427
302 6176 173 5539 100
303 9327 325
304 9648 68
305 6831 600 5539 380
306 9585 571
307 8617 600 8605 591
308 9585 29 9327 275 9409 600 8605 9 8555 600 6281 600 7550 596
309 7550 4 6577 600 5771 600 6289 600 8705 600 5615 600 5515 198
310 8346 600 9020 188
311 9648 532 5515 402 6684 600 7583 600 6129 600 9020 412 9574 600 6511 600 6716 600 7018 600 7635 600 8687 368
312 2641 600 2684 498 2646 403
313 8687 232 5680 600 6257 600 9088 600 5452 600 8551 600 9089 600 8807 600 6454 600 6710 600 6332 600 6683 600 8623 600 8755 77
314 6478 600 6613 390
315 9267 600 8755 523 6613 210 9031 600 6007 600 6583 600 9315 600 5921 600 6764 600 8438 600 9200 501
316 9200 99 6859 600 9095 600 8449 600 6970 600 8455 506
317 8455 94 7824 600 8428 600 8684 528
318 8684 72 8951 600 5852 600 6413 600 6524 600 6718 600 7652 600 6866 600 5959 600 8563 113
319 8829 600 8846 306
320 8563 487 5491 455
321 8846 294 8994 422
322 5491 101
323 5377 600 5340 600 5550 600 5591 600 5548 600 5520 600 5583 600 5410 600 5592 145
324 6427 600 6607 142
325 6607 458 6000 600 6169 600 5704 600 8708 600 6658 600 6845 351
326 6845 249 6497 600 6317 600 6381 600 6645 600 6247 600 7236 600 5678 600 5976 600 7502 600 6359 600 7053 32
327 8994 178 9119 600 8842 600 8272 600 7908 600 9553 416
328 9553 184 9248 573
329 8103 9
330 8103 591 8264 600 7053 568 6448 378
331 2388 600 2528 522
332 6448 222 6642 414
333 8770 600 6642 186 6793 600 6370 600 6615 600 9248 27 5637 600 6883 600 6243 600 8672 94
334 7810 600 8600 600 5810 600 5775 600 6212 600 8222 600 5836 600 6366 19
335 6366 581 6887 600 6233 91
336 5792 600 6233 509 7070 546
337 9564 204
338 8672 506 8691 92
339 9564 396 8691 508 8821 600 7070 35
340 8771 600 7563 600 8482 121
341 5015 600 4991 392
342 8482 479 9477 600 8792 600 6228 600 6358 600 6554 600 6431 600 5669 600 6285 241
343 6194 473
344 6194 127 6180 600 5850 299
345 6285 359 6543 600 6570 600 6631 29
346 6631 571 6321 600 6210 600 6294 600 6541 600 5850 301 6270 597
347 8195 600 8344 600 7400 510
348 9701 191
349 7400 90 6721 600 7309 600 6270 3 7034 600 8115 568
350 8632 600 9321 600 8115 32 8552 600 8984 600 6202 600 6498 600 9266 600 7135 600 7323 600 5746 600 8693 600 9230 197
351 9230 403 9581 600 7476 98
352 5674 600 6189 600 5753 600 6277 600 6670 317
353 6670 283 7476 502 5806 600 8353 600 8769 393
354 8769 207 6295 600 8881 600 6419 600 8598 480
355 8598 120 8289 278
356 5992 600 6635 600 6578 600 6470 600 6187 600 6558 600 6840 162
357 9081 600 8289 322 8878 600 7862 600 9430 600 7609 600 8586 600 7414 600 8361 100
358 8361 500 8639 66
359 8639 534 8949 600 7406 600
360 9106 357
361 6840 438 8681 600 7490 600 5991 600 6082 211
362 9106 243 8284 600 8656 483
363 5662 461
364 5813 600 6082 389 7125 600 7111 600 9319 568
365 9319 32 8656 117 9671 36
366 7346 600 6345 600 8268 121
367 5662 139 5592 455 5348 600 5605 58
368 5605 542 6099 600 8268 70
369 4265 213 4173 241
370 8417 600 7149 9
371 8715 562
372 7149 289
373 5714 600 5412 600 5597 600 5840 600 5527 600 5571 600 5621 428
374 9671 525
375 2439 600 2474 135
376 9790 88
377 9365 600 8966 600 6432 600 6945 600 8715 38 6495 209
378 6495 391 8912 600 6490 600 6584 483
379 6584 117 6700 600 8230 262
380 8230 338 9211 600 6303 286
381 9580 446
382 6303 314 6313 600 6476 600 6699 600 6581 600 6674 600 6162 600 6736 225
383 8450 591
384 9580 21
385 6177 600 6266 462
386 5621 172 5523 600 5440 600 5516 600 6031 238
387 8450 9 9260 600 8595 60
388 8595 540 6736 375 7945 600 8229 600 9408 600 9076 600 8345 600 8610 261
389 8610 339 9250 532
390 282 178
391 6410 600 6618 600 9250 68 6810 600 8805 600 6502 600 6876 600 7582 600 8415 450
392 6914 600 6723 600 7765 539
393 8415 150 8323 600 7765 61 9300 600 6441 600 6838 600 6266 138 6637 600 6594 600 9472 600 6540 600 8454 600 8533 600 8343 145
394 6288 600 6160 600 6098 600 6412 600 6522 600 6031 362 6224 600 5871 600 5626 456
395 8343 441
396 8185 600 9524 600 9268 600 6709 600 8040 600 8781 600 8856 600 7744 600 8685 600 9418 600 8461 600 8743 63
397 8743 537 9485 546
398 8076 600 8316 600 9485 54 9693 600 9061 600 6761 600 9461 600 5626 144 6621 600 6320 600 7599 211
399 4991 208 5006 600 4974 600 5001 97
400 7896 133
401 7599 389 7084 600 8642 600 6248 303
402 6248 297 6701 600 7896 467 6715 116
403 5481 600 5500 600 6715 484 8064 600 5700 600 8124 600 8592 600 8566 600 8589 600 6163 600 8240 600 5698 140
404 5698 460 5848 600 6407 600 7115 600 7247 600 5525 381
405 9246 239
406 9643 91
407 9246 361 9099 600 9643 509 8933 457
408 8933 143 8131 600 8593 600 8796 570
409 7921 600 6742 600 6817 247
410 8796 30 8867 600 8397 482
411 5525 219 5651 600 5478 600 6817 353 6046 600 6446 600 7866 600 5802 600 6732 154
412 9163 600 9617 600 9619 600 6732 446 9233 600 6406 89
413 5547 600 5823 600 6406 511 6457 600 5529 600 6781 600 8397 118 9187 600 9007 600 5694 600 6599 600 7199 600 8315 600 6456 344
414 8386 124
415 9659 324
416 9659 276 9602 226
417 9602 240
418 6456 256 8149 600 6712 600 7543 129
419 5433 600 7543 471 6829 600 6004 600 8386 404
420 9512 600 8940 600 8471 600 8911 102
421 8911 29
422 5352 600 6675 600 9004 475
423 5989 600 6586 600 6492 600 6752 434
424 6752 166 5973 600 6113 600 6537 600 7716 600 7728 439
425 73 600 122 600 84 600 97 600 93 600 99 600 86 219
426 5940 600 6467 600 6800 600 5646 600 6567 600 6183 600 6306 600 6094 600 5575 520
427 9004 125 9280 387
428 9280 127
429 8962 469
430 9548 600 8757 600 8962 131 9062 242
431 9352 497
432 8170 600 7728 161 8519 600 8668 19
433 8668 581 8679 600 8695 600 5575 80 6240 600 6629 600 6523 600 8655 600 6376 600 8510 107
434 9062 358 9131 600 9046 600 9352 103 9366 600 8924 600 8897 600 9092 372
435 6597 600 6622 49
436 8510 493 8403 600 6622 551 6545 389
437 392 600 412 600 482 600 478 600 515 600 668 586
438 5437 600 5513 600 6545 211 6977 296
439 6977 304 8441 600 8061 600 6533 600 6600 376
440 9092 228 9455 600 8965 600 9265 600 9541 600 9285 487
441 6409 600 5417 600 6095 600 5985 341
442 9285 113 6600 224 8567 600 6857 600 6519 600 6819 527
443 6819 73 8190 600 8721 46
444 7971 600 6961 600 5985 151
445 8721 379
446 9314 600 9324 600 8145 169
447 6167 600 6666 600 7379 600 6346 392
448 9612 81
449 9497 276
450 6346 158
451 9497 195
452 9612 69
453 9970 11
454 9185 357
455 8145 431 8727 600 8541 600 8661 600 8813 247
456 8813 353 8258 600 8851 600 8575 600 8722 600 8405 27
457 6507 600 6734 600 5276 2 6775 600 5968 600 6054 600 6606 436
458 6606 164 6725 600 6927 600 7013 600 7343 600 8012 600 7311 600 5543 600 5980 600 6641 600 6735 600 7711 600 6284 395
459 8405 573 8704 377
460 6284 205 6337 600 6318 600 6464 600 6573 600 6396 189
461 7496 69
462 8704 26
463 9746 25
464 8730 77
465 9645 157
466 8730 376
467 9185 243 8276 600 8436 600 9128 600 8761 600 8785 600 8979 600 8991 600 6396 411 6569 600 9531 517
468 6208 600 8456 600 5585 600 6595 600 9439 600 7496 531 8663 600 8826 600 6192 600 8850 600 5512 302
469 9531 83 9645 443 8866 480
470 8866 120 8427 600 9567 600 8136 600 8918 600 8615 13
471 5512 298 6561 600 6784 600 8615 587 9384 600 5901 600 5379 600 5519 304
472 7265 600 7817 600 8303 93
473 8899 600 9241 600 9012 89
474 5519 296 8303 507 6222 600 8277 554
475 8277 46 7811 540
476 9012 511 6262 600 7811 60 8322 600 5683 244
477 5683 356 6145 600 6179 112
478 668 14 639 600 652 61
479 9915 69
480 7008 600 6179 488 5686 600 6787 592
481 8138 600 6787 8 6947 600 6935 600 8020 600 8283 600 6646 600 7266 600 6404 600 8025 600 6589 600 6161 111
482 8535 600 8327 143
483 8327 457 8544 600 8686 600 9563 600 9077 600 6161 489 6293 600 6534 600 6778 600 5594 600 6164 1
484 2151 600 2474 465 2299 533
485 6164 599 6237 600 5325 600 5368 600 6349 600 6058 482
486 9630 128
487 6058 118 6311 600 5285 600 5589 600 6418 600 6195 600 5485 600 6026 600 6080 600 6148 600 5953 600 6846 130
488 2299 67 2452 600 2260 116
489 8782 600 9011 600 8682 600 8760 600 8960 600 6846 470 8832 600 6352 600 6530 600 6842 600 8348 600 8373 600 6509 381
490 6509 219 6648 139
491 9501 600 6648 461 9301 600 9534 600 6698 600 7788 600 6254 600 6816 600 7052 600 7358 600 6429 596
492 5367 600 5549 600 5391 600 5324 600 5487 589
493 6429 4 6585 600 6893 600 7350 600 6678 35
494 86 381 156 600 103 600 98 600 65 600 68 45
495 6678 565 6731 600 7499 281
496 5487 11 5493 600 5466 600 5730 427
497 6380 600 5967 600 6327 600 6388 600 5730 173 6142 600 6549 369
498 7499 319 7292 600 6549 231 7058 600 6627 600 7450 600 5363 600 6166 600 6885 508
499 9630 256
500 8391 226
501 9372 600 8391 374 9010 600 7837 600 9022 600 8622 502
502 9385 86
503 8622 98 8119 600 8570 600 7787 80
504 9369 600 7787 520 9256 600 8587 144
505 8587 456 8990 600 9385 418
506 9332 404
507 8998 600 6885 92 7392 600 8260 600 9332 196 9500 600 8713 600 8890 600 6520 600 9556 600 7293 378
508 7293 222 7865 600 8167 162
509 8167 438 8267 600 8375 600 8751 600 9180 600 5542 600 7717 600 8412 600 8614 186
510 8614 414 8331 600 8486 600 5809 600 8233 600 5952 600 8931 600 8779 600 6559 242
511 9137 600 9437 375
512 7633 600 6779 600 8241 426
513 9437 225 6559 358 9454 600 9651 174
514 9651 426 8640 297
515 8640 303 8241 174 8252 512
516 5712 600 8252 88 6755 600 6375 600 8355 600 5532 600 7075 600 7337 580
517 6484 571
518 9422 207
519 7337 20 7352 600 8231 600 6484 29 8409 600 8293 600 6769 16
520 6769 584 5839 474
521 9053 600 9422 393 9073 600 9116 600 5839 126 7918 600 5961 600 6708 43
522 8669 600 8573 517
523 6708 557 9295 600 8573 47
524 7941 600 6174 600 6909 600 7909 600 6045 600 6870 600 5798 600 7237 600 5631 600 5803 600 6948 600 7767 25
525 8581 600 9464 600 9669 600 9207 600 9221 600 9490 600 7767 575 5682 432
526 5682 168 6290 600 7833 600 8720 600 9113 600 6047 389
527 6047 211 5919 600 5223 600 5896 600 5633 27
528 8673 445
529 6449 600 7451 600 7988 600 8673 155 6997 360
530 6997 240 8227 107
531 8227 493 9071 600 8396 600 8536 294
532 8536 306 8255 600 9085 331
533 9294 379
534 9085 269 9294 221 8885 508
535 7370 600 6938 131
536 6938 469 5633 304
537 5862 600 6286 600 8129 134
538 7512 480
539 8129 466 8546 600 8885 92 7175 600 6480 600 6691 600 8451 600 8985 600 5479 600 6501 600 6726 494
540 6900 600 7160 416
541 6726 106 6128 600 6399 108
542 6399 492 5728 600 5665 600 6504 600 6357 596
543 8381 446
544 2260 484 2359 419
545 8381 154 8122 600 8383 600 6357 4 6574 600 6717 152
546 58 600 46 600 47 600 56 600 68 555 216 600 162 600 70 64
547 6717 448 7160 184 6036 600 6869 9
548 9746 575 9546 550
549 9987 14
550 8498 600 7512 120 7890 600 7903 582
551 7434 114
552 5449 600 6544 600 6420 600 5687 600 6205 600 6190 600 5756 600 6219 600 6369 427
553 8219 600 9288 460
554 7903 18 7434 486 6869 58
555 9546 27
556 9288 140 9333 600 9002 464
557 2359 146
558 9357 11
559 7072 600 8411 600 6738 600 7240 488
560 7240 112 7876 555
561 7876 45 6652 600 7556 600 6685 600 6984 600 6694 600 7542 600 7300 600 6828 600 7020 600 8071 9
562 6626 600 7242 600 7383 600 6369 173 6348 600 7137 322
563 8565 600 8393 197
564 7137 278 5559 600 5586 600 7227 600 5668 600 6124 600 6458 517
565 8393 403 9002 136 9357 589 8889 600 8793 600 8071 591 8148 349
566 8148 251 8447 600 8193 600 8194 600 8529 600 8500 600 8066 600 8426 201
567 6458 83 6973 114
568 9453 600 9789 600 9738 600 8426 399 8549 600 8964 600 8027 600 6973 130
569 6754 600 8126 600 5545 600 5667 600 7054 600 7372 600 9139 600 6943 600 7998 181
570 9672 600 9330 150
571 7998 419 8629 406
572 2588 600 2276 600 2287 600 2153 291
573 6452 600 6861 600 5279 61
574 9330 429
575 5279 539 5561 600 6560 600 5450 600 6372 542
576 8629 194 8306 77
577 6372 58 9586 600 6119 600 6138 600 8306 523 6624 277
578 6624 323 6951 600 7299 600 6245 600 8288 600 6745 313
579 8458 600 9098 600 9231 600 6745 287 6906 600 8058 600 6132 600 6640 600 7943 600 7123 600 6603 168
580 9726 600 9642 600 7735 600 8413 600
581 9079 600 8290 116
582 6603 432 7059 600 5473 368
583 9518 102
584 282 422 5473 232 6516 558
585 6516 42 6750 600 5983 600 6808 600 6593 600 6729 323
586 5915 600 6373 600 5671 600 5234 422
587 7883 600 6729 277 7602 600 8290 484 7159 600 7847 600 8784 93
588 6836 137
589 9796 103
590 6836 463 6571 164
591 9406 600 8784 507 9518 498 9049 600 9622 396
592 9622 52
593 6571 436 6969 600 5234 178 5634 600 5584 600 7320 600 6499 600 7260 600 6783 600 6972 600 7087 600 8113 359
594 8113 241 8192 600 8329 600 6513 171
595 9991 1
596 7094 600 6703 551
597 8888 600 8611 600 8437 356
598 9064 600 8937 345
599 8437 244 8511 600 8666 600 8604 600 8616 600 8717 600 6513 429 5286 529
600 5286 71 5294 600 5765 600 5599 600 5703 207
601 6703 10
602 6707 10
603 200 10
604 6100 10
605 5203 10
606 6707 10
607 6765 10
608 6765 10
609 5203 10
610 8011 10
611 6100 10
612 8937 10
613 5494 10
614 5703 10
615 5494 10
616 9236 10
617 523 10
618 9236 10
619 9120 10
620 2153 10
621 5748 10
622 268 10
623 5887 10
624 6355 10
625 523 10
626 268 10
627 2407 10
628 8011 10
629 6355 10
630 5199 10
631 248 10
632 5748 10
633 200 10
634 6771 10
635 9120 10
636 9154 10
637 248 10
638 2407 10
639 5638 10
640 8959 10
641 7686 10
642 2486 10
643 6771 10
644 5887 10
645 6867 10
646 7143 10
647 9154 10
648 7143 10
649 136 10
650 2486 10
651 6867 10
652 7686 10
653 136 10
654 9107 10
655 7191 10
656 5638 10
657 6341 10
658 247 10
659 8021 10
660 6389 10
661 7191 10
662 8457 10
663 5374 10
664 2069 10
665 2069 10
666 5374 10
667 652 10
668 182 10
669 6389 10
670 7877 10
671 8959 10
672 929 10
673 6341 10
674 929 10
675 6592 10
676 7877 10
677 9107 10
678 599 10
679 5677 10
680 2423 10
681 8457 10
682 12 10
683 2423 10
684 5677 10
685 8021 10
686 8607 10
687 8542 10
688 8837 10
689 8308 10
690 5740 10
691 2481 10
692 7957 10
693 9599 10
694 5329 10
695 8837 10
696 180 10
697 247 10
698 8607 10
699 2481 10
700 8308 10
701 8542 10
702 6592 10
703 8356 10
704 2226 10
705 6657 10
706 5431 10
707 23 10
708 2226 10
709 8356 10
710 6657 10
711 7957 10
712 770 10
713 271 10
714 6656 10
715 5194 10
716 9599 10
717 5740 10
718 91 10
719 9583 10
720 5879 10
721 2547 10
722 5431 10
723 8364 10
724 6656 10
725 147 10
726 5879 10
727 91 10
728 5441 10
729 9264 10
730 349 10
731 8263 10
732 2547 10
733 8007 10
734 8263 10
735 9264 10
736 70 10
737 8364 10
738 6903 10
739 5903 10
740 147 10
741 90 10
742 38 10
743 6903 10
744 2542 10
745 7799 10
746 5903 10
747 7799 10
748 5790 10
749 8507 10
750 8007 10
751 9104 10
752 5790 10
753 6249 10
754 271 10
755 9341 10
756 5727 10
757 8914 10
758 9583 10
759 8507 10
760 7186 10
761 8914 10
762 6249 10
763 7186 10
764 32 10
765 2099 10
766 5441 10
767 9341 10
768 6796 10
769 9104 10
770 8157 10
771 5329 10
772 6610 10
773 8157 10
774 8702 10
775 242 10
776 8702 10
777 8421 10
778 7986 10
779 5727 10
780 2099 10
781 5898 10
782 167 10
783 5702 10
784 167 10
785 2542 10
786 6796 10
787 6928 10
788 5094 10
789 6928 10
790 7060 10
791 242 10
792 9338 10
793 2380 10
794 6610 10
795 7986 10
796 6702 10
797 8014 10
798 90 10
799 599 10
800 6702 10
801 8014 10
802 2380 10
803 5898 10
804 8421 10
805 7060 10
806 6860 10
807 5059 10
808 8532 10
809 38 10
810 6860 10
811 665 10
812 6075 10
813 8350 10
814 7047 10
815 511 10
816 6001 10
817 9338 10
818 2625 10
819 5323 10
820 2625 10
821 7047 10
822 5397 10
823 5323 10
824 6826 10
825 6075 10
826 6312 10
827 2414 10
828 6826 10
829 7003 10
830 7732 10
831 7003 10
832 6312 10
833 6001 10
834 2414 10
835 6487 10
836 6487 10
837 5702 10
838 5718 10
839 204 10
840 5360 10
841 8350 10
842 164 10
843 7886 10
844 5397 10
845 8532 10
846 5145 10
847 6814 10
848 7886 10
849 6814 10
850 8576 10
851 6 10
852 5718 10
853 770 10
854 8576 10
855 6654 10
856 9124 10
857 7785 10
858 7785 10
859 23 10
860 6064 10
861 9124 10
862 8310 10
863 263 10
864 321 10
865 9164 10
866 5476 10
867 5476 10
868 7291 10
869 6064 10
870 263 10
871 5657 10
872 872 10
873 6084 10
874 5657 10
875 8048 10
876 8310 10
877 2436 10
878 5867 10
879 5867 10
880 872 10
881 9164 10
882 8367 10
883 7291 10
884 6654 10
885 7732 10
886 8689 10
887 2436 10
888 7703 10
889 8048 10
890 7703 10
891 8689 10
892 6428 10
893 7326 10
894 5423 10
895 6428 10
896 5577 10
897 665 10
898 8367 10
899 6084 10
900 7326 10
901 5761 10
902 5360 10
903 5145 10
904 8318 10
905 8378 10
906 6475 10
907 8378 10
908 5761 10
909 2646 10
910 2288 10
911 2288 10
912 164 10
913 2372 10
914 553 10
915 5318 10
916 8490 10
917 85 10
918 9368 10
919 204 10
920 8490 10
921 5577 10
922 7991 10
923 8318 10
924 6013 10
925 61 10
926 151 10
927 8478 10
928 6475 10
929 8478 10
930 9465 10
931 5318 10
932 7126 10
933 8543 10
934 2313 10
935 32 10
936 8543 10
937 5443 10
938 349 10
939 8298 10
940 5199 10
941 229 10
942 5656 10
943 265 10
944 2313 10
945 8466 10
946 6686 10
947 9014 10
948 8207 10
949 5423 10
950 8207 10
951 2372 10
952 5194 10
953 5301 10
954 85 10
955 180 10
956 8907 10
957 6013 10
958 117 10
959 2484 10
960 778 10
961 5582 10
962 9465 10
963 7605 10
964 5208 10
965 5956 10
966 5301 10
967 6 10
968 399 10
969 5582 10
970 6264 10
971 6686 10
972 7605 10
973 7126 10
974 7225 10
975 101 10
976 9014 10
977 2484 10
978 7225 10
979 6264 10
980 6354 10
981 8466 10
982 5059 10
983 6354 10
984 7278 10
985 14 10
986 5656 10
987 8298 10
988 778 10
989 511 10
990 6062 10
991 389 10
992 5228 10
993 7278 10
994 5560 10
995 6737 10
996 6275 10
997 5956 10
998 7991 10
999 8379 10
1000 9368 10
1001 28 10
1002 8907 10
1003 8921 10
1004 8738 10
1005 6863 10
1006 948 10
1007 5138 10
1008 9127 10
1009 8379 10
1010 8365 10
1011 6863 10
1012 6918 10
1013 6275 10
1014 8626 10
1015 8626 10
1016 6918 10
1017 8018 10
1018 9056 10
1019 5443 10
1020 9677 10
1021 5742 10
1022 5560 10
1023 6062 10
1024 6737 10
1025 8018 10
1026 6076 10
1027 9127 10
1028 5228 10
1029 9470 10
1030 8217 10
1031 8365 10
1032 9470 10
1033 101 10
1034 6974 10
1035 6974 10
1036 6739 10
1037 2757 10
1038 6739 10
1039 9677 10
1040 5742 10
1041 9474 10
1042 6890 10
1043 6890 10
1044 2757 10
1045 8430 10
1046 2501 10
1047 9056 10
1048 6307 10
1049 6307 10
1050 117 10
1051 5909 10
1052 5138 10
1053 6076 10
1054 6967 10
1055 5573 10
1056 2501 10
1057 8921 10
1058 6967 10
1059 2754 10
1060 5151 10
1061 5909 10
1062 6780 10
1063 8217 10
1064 9474 10
1065 6780 10
1066 8738 10
1067 9364 10
1068 5208 10
1069 2754 10
1070 9190 10
1071 9364 10
1072 8811 10
1073 6391 10
1074 8811 10
1075 9190 10
1076 348 10
1077 229 10
1078 6391 10
1079 6239 10
1080 8844 10
1081 7104 10
1082 309 10
1083 5966 10
1084 8844 10
1085 182 10
1086 8814 10
1087 223 10
1088 2714 10
1089 948 10
1090 6713 10
1091 8430 10
1092 25 10
1093 728 10
1094 6713 10
1095 8221 10
1096 6239 10
1097 8814 10
1098 7104 10
1099 2714 10
1100 389 10
1101 6562 10
1102 7136 10
1103 5916 10
1104 6562 10
1105 2134 10
1106 8317 10
1107 151 10
1108 2134 10
1109 8151 10
1110 8660 10
1111 128 10
1112 7136 10
1113 2647 10
1114 5966 10
1115 7978 10
1116 7024 10
1117 128 10
1118 8317 10
1119 7024 10
1120 8660 10
1121 107 10
1122 61 10
1123 8764 10
1124 6688 10
1125 2647 10
1126 2544 10
1127 5916 10
1128 2544 10
1129 7333 10
1130 8221 10
1131 7333 10
1132 635 10
1133 8764 10
1134 8496 10
1135 463 10
1136 8973 10
1137 8371 10
1138 399 10
1139 145 10
1140 8973 10
1141 5930 10
1142 8496 10
1143 5930 10
1144 39 10
1145 5101 10
1146 9644 10
1147 2398 10
1148 25 10
1149 6688 10
1150 6924 10
1151 6924 10
1152 6894 10
1153 2398 10
1154 504 10
1155 8189 10
1156 2344 10
1157 8910 10
1158 6894 10
1159 2344 10
1160 9644 10
1161 2656 10
1162 2656 10
1163 9308 10
1164 6291 10
1165 7978 10
1166 6788 10
1167 6291 10
1168 6788 10
1169 2633 10
1170 6491 10
1171 5616 10
1172 8473 10
1173 100 10
1174 6491 10
1175 5851 10
1176 6619 10
1177 8249 10
1178 8910 10
1179 9019 10
1180 6619 10
1181 5851 10
1182 7282 10
1183 6371 10
1184 163 10
1185 7282 10
1186 6371 10
1187 9308 10
1188 9072 10
1189 5151 10
1190 7968 10
1191 9072 10
1192 6682 10
1193 2633 10
1194 5260 10
1195 5389 10
1196 9019 10
1197 6463 10
1198 252 10
1199 6682 10
1200 8023 10
1201 8473 10
1202 659 10
1203 74 10
1204 5616 10
1205 6067 10
1206 6463 10
1207 9635 10
1208 8371 10
1209 8601 10
1210 5573 10
1211 163 10
1212 6772 10
1213 9635 10
1214 8249 10
1215 6772 10
1216 6067 10
1217 184 10
1218 6680 10
1219 6680 10
1220 6338 10
1221 463 10
1222 8446 10
1223 9296 10
1224 5758 10
1225 8130 10
1226 5758 10
1227 504 10
1228 8189 10
1229 8446 10
1230 5904 10
1231 8151 10
1232 39 10
1233 5847 10
1234 8130 10
1235 553 10
1236 6338 10
1237 9296 10
1238 9660 10
1239 9660 10
1240 8325 10
1241 5613 10
1242 6724 10
1243 5389 10
1244 489 10
1245 184 10
1246 5904 10
1247 6724 10
1248 2800 10
1249 489 10
1250 9441 10
1251 2073 10
1252 100 10
1253 8601 10
1254 8773 10
1255 5613 10
1256 2073 10
1257 6572 10
1258 2800 10
1259 9243 10
1260 9441 10
1261 6572 10
1262 8773 10
1263 5576 10
1264 8325 10
1265 8522 10
1266 2451 10
1267 8243 10
1268 8522 10
1269 7731 10
1270 9243 10
1271 5260 10
1272 2451 10
1273 7295 10
1274 2427 10
1275 8823 10
1276 2427 10
1277 5847 10
1278 6564 10
1279 8644 10
1280 6564 10
1281 170 10
1282 6898 10
1283 5874 10
1284 8823 10
1285 6898 10
1286 8644 10
1287 5874 10
1288 5934 10
1289 7155 10
1290 5576 10
1291 8481 10
1292 6279 10
1293 2125 10
1294 8481 10
1295 7155 10
1296 208 10
1297 6279 10
1298 8023 10
1299 6147 10
1300 6147 10
1301 6587 10
1302 7731 10
1303 2125 10
1304 7968 10
1305 8010 10
1306 5934 10
1307 9108 10
1308 6188 10
1309 7295 10
1310 8206 10
1311 74 10
1312 9258 10
1313 9258 10
1314 170 10
1315 6587 10
1316 8243 10
1317 2405 10
1318 728 10
1319 8010 10
1320 145 10
1321 968 10
1322 426 10
1323 9398 10
1324 223 10
1325 208 10
1326 8463 10
1327 6811 10
1328 107 10
1329 12 10
1330 9398 10
1331 348 10
1332 968 10
1333 829 10
1334 77 10
1335 6811 10
1336 131 10
1337 8463 10
1338 14 10
1339 6060 10
1340 6602 10
1341 9796 10
1342 5101 10
1343 5093 10
1344 89 10
1345 5462 10
1346 7733 10
1347 6843 10
1348 6843 10
1349 8360 10
1350 8360 10
1351 8580 10
1352 9108 10
1353 7733 10
1354 6602 10
1355 5249 10
1356 6834 10
1357 2405 10
1358 6834 10
1359 764 10
1360 9498 10
1361 6188 10
1362 171 10
1363 8580 10
1364 5641 10
1365 2220 10
1366 764 10
1367 6207 10
1368 6855 10
1369 8286 10
1370 2220 10
1371 9498 10
1372 5641 10
1373 6855 10
1374 2858 10
1375 8354 10
1376 9162 10
1377 6207 10
1378 8049 10
1379 829 10
1380 309 10
1381 2858 10
1382 9162 10
1383 6538 10
1384 8049 10
1385 6538 10
1386 6060 10
1387 5807 10
1388 8143 10
1389 8354 10
1390 6662 10
1391 5807 10
1392 2883 10
1393 9489 10
1394 8143 10
1395 5965 10
1396 8286 10
1397 701 10
1398 5965 10
1399 6662 10
1400 9489 10
1401 6453 10
1402 9349 10
1403 2883 10
1404 77 10
1405 8206 10
1406 8262 10
1407 9349 10
1408 9042 10
1409 5347 10
1410 7643 10
1411 2368 10
1412 5408 10
1413 6697 10
1414 2368 10
1415 8262 10
1416 8621 10
1417 7643 10
1418 7010 10
1419 9361 10
1420 2503 10
1421 7010 10
1422 131 10
1423 5995 10
1424 986 10
1425 8416 10
1426 7177 10
1427 986 10
1428 6697 10
1429 9361 10
1430 9350 10
1431 9593 10
1432 5595 10
1433 6453 10
1434 7177 10
1435 6835 10
1436 2503 10
1437 8270 10
1438 2943 10
1439 8270 10
1440 2943 10
1441 6459 10
1442 5995 10
1443 2471 10
1444 8281 10
1445 8182 10
1446 5353 10
1447 9350 10
1448 8302 10
1449 59 10
1450 684 10
1451 89 10
1452 5595 10
1453 2471 10
1454 278 10
1455 6835 10
1456 2776 10
1457 2776 10
1458 252 10
1459 6459 10
1460 2244 10
1461 5880 10
1462 5308 10
1463 105 10
1464 8416 10
1465 5713 10
1466 557 10
1467 5713 10
1468 265 10
1469 6632 10
1470 105 10
1471 9042 10
1472 2244 10
1473 9278 10
1474 823 10
1475 2339 10
1476 6632 10
1477 8621 10
1478 5880 10
1479 5716 10
1480 6625 10
1481 6625 10
1482 7055 10
1483 7522 10
1484 5462 10
1485 5408 10
1486 557 10
1487 6552 10
1488 5716 10
1489 7522 10
1490 6552 10
1491 2339 10
1492 7329 10
1493 8904 10
1494 8387 10
1495 9278 10
1496 5881 10
1497 171 10
1498 5881 10
1499 6518 10
1500 2352 10
1501 2197 10
1502 552 10
1503 8904 10
1504 6424 10
1505 7329 10
1506 5905 10
1507 8631 10
1508 6518 10
1509 9299 10
1510 8631 10
1511 6981 10
1512 7561 10
1513 9593 10
1514 6424 10
1515 9299 10
1516 7561 10
1517 8182 10
1518 8969 10
1519 2197 10
1520 6455 10
1521 5129 10
1522 8906 10
1523 5186 10
1524 7216 10
1525 5403 10
1526 6455 10
1527 8387 10
1528 8505 10
1529 8505 10
1530 8562 10
1531 22 10
1532 6397 10
1533 7216 10
1534 6397 10
1535 5514 10
1536 5403 10
1537 1109 10
1538 9416 10
1539 7055 10
1540 8969 10
1541 5783 10
1542 2352 10
1543 6556 10
1544 132 10
1545 8030 10
1546 20 10
1547 6556 10
1548 5905 10
1549 5129 10
1550 6473 10
1551 8302 10
1552 552 10
1553 6677 10
1554 5353 10
1555 9416 10
1556 5514 10
1557 8906 10
1558 418 10
1559 9037 10
1560 5384 10
1561 8109 10
1562 635 10
1563 9037 10
1564 8753 10
1565 2540 10
1566 9150 10
1567 5632 10
1568 8562 10
1569 2540 10
1570 2124 10
1571 418 10
1572 8753 10
1573 6757 10
1574 255 10
1575 8790 10
1576 2124 10
1577 8790 10
1578 9313 10
1579 8635 10
1580 2091 10
1581 5333 10
1582 1109 10
1583 9313 10
1584 7246 10
1585 8030 10
1586 8635 10
1587 7246 10
1588 6981 10
1589 9150 10
1590 5783 10
1591 5945 10
1592 255 10
1593 243 10
1594 5962 10
1595 76 10
1596 5632 10
1597 6623 10
1598 5124 10
1599 723 10
1600 6757 10
1601 243 10
1602 8419 10
1603 5442 10
1604 7133 10
1605 6553 10
1606 9732 10
1607 7376 10
1608 5347 10
1609 2091 10
1610 2084 10
1611 113 10
1612 7376 10
1613 7449 10
1614 7133 10
1615 6760 10
1616 5891 10
1617 2084 10
1618 5962 10
1619 5093 10
1620 776 10
1621 179 10
1622 376 10
1623 2358 10
1624 9528 10
1625 7449 10
1626 8419 10
1627 8281 10
1628 5945 10
1629 776 10
1630 7204 10
1631 179 10
1632 9732 10
1633 723 10
1634 2358 10
1635 9172 10
1636 6108 10
1637 9528 10
1638 8925 10
1639 7983 10
1640 8203 10
1641 9172 10
1642 7983 10
1643 7204 10
1644 9279 10
1645 6760 10
1646 2364 10
1647 9279 10
1648 7196 10
1649 132 10
1650 2364 10
1651 6300 10
1652 9577 10
1653 2309 10
1654 5695 10
1655 440 10
1656 5249 10
1657 9577 10
1658 326 10
1659 8925 10
1660 6300 10
1661 2309 10
1662 7196 10
1663 5891 10
1664 8480 10
1665 6308 10
1666 113 10
1667 5124 10
1668 646 10
1669 2265 10
1670 5695 10
1671 9424 10
1672 6677 10
1673 2265 10
1674 1984 10
1675 6786 10
1676 1984 10
1677 6786 10
1678 749 10
1679 8168 10
1680 6623 10
1681 5126 10
1682 8480 10
1683 278 10
1684 5442 10
1685 9424 10
1686 8515 10
1687 8515 10
1688 6953 10
1689 5072 10
1690 9516 10
1691 8203 10
1692 143 10
1693 6953 10
1694 8414 10
1695 9142 10
1696 2476 10
1697 6108 10
1698 9142 10
1699 2476 10
1700 6473 10
1701 7591 10
1702 749 10
1703 5012 10
1704 22 10
1705 7591 10
1706 9516 10
1707 8266 10
1708 8414 10
1709 2283 10
1710 8429 10
1711 20 10
1712 244 10
1713 646 10
1714 5954 10
1715 5954 10
1716 2283 10
1717 6553 10
1718 7271 10
1719 8109 10
1720 545 10
1721 5201 10
1722 8429 10
1723 326 10
1724 7271 10
1725 823 10
1726 7459 10
1727 6308 10
1728 102 10
1729 736 10
1730 2457 10
1731 7919 10
1732 6241 10
1733 2457 10
1734 6957 10
1735 7459 10
1736 76 10
1737 8724 10
1738 6957 10
1739 7505 10
1740 8314 10
1741 8314 10
1742 8168 10
1743 9354 10
1744 9354 10
1745 6590 10
1746 6590 10
1747 6241 10
1748 6232 10
1749 376 10
1750 2738 10
1751 244 10
1752 8 10
1753 8724 10
1754 2738 10
1755 102 10
1756 8155 10
1757 5445 10
1758 8524 10
1759 9767 10
1760 8524 10
1761 8645 10
1762 7505 10
1763 2611 10
1764 5533 10
1765 6232 10
1766 2611 10
1767 5067 10
1768 143 10
1769 701 10
1770 8645 10
1771 71 10
1772 9504 10
1773 222 10
1774 9462 10
1775 9055 10
1776 659 10
1777 5261 10
1778 6608 10
1779 8266 10
1780 9055 10
1781 8271 10
1782 8155 10
1783 8271 10
1784 2810 10
1785 5343 10
1786 222 10
1787 1000 10
1788 9054 10
1789 9054 10
1790 19 10
1791 8311 10
1792 466 10
1793 5384 10
1794 9504 10
1795 5533 10
1796 6902 10
1797 2810 10
1798 600 10
1799 6902 10
1800 8096 10
1801 7253 10
1802 92 10
1803 9462 10
1804 5378 10
1805 9411 10
1806 9670 10
1807 67 10
1808 5445 10
1809 2609 10
1810 8957 10
1811 7919 10
1812 5261 10
1813 8311 10
1814 6704 10
1815 9030 10
1816 5447 10
1817 9411 10
1818 6079 10
1819 9767 10
1820 6704 10
1821 5447 10
1822 5762 10
1823 1000 10
1824 2609 10
1825 92 10
1826 6079 10
1827 6608 10
1828 5503 10
1829 6089 10
1830 6547 10
1831 6089 10
1832 6825 10
1833 123 10
1834 7830 10
1835 123 10
1836 71 10
1837 8278 10
1838 5312 10
1839 545 10
1840 8278 10
1841 8439 10
1842 9030 10
1843 7253 10
1844 6937 10
1845 5762 10
1846 8439 10
1847 2734 10
1848 6825 10
1849 8957 10
1850 8492 10
1851 236 10
1852 6937 10
1853 7830 10
1854 5126 10
1855 6003 10
1856 5737 10
1857 8253 10
1858 9393 10
1859 6547 10
1860 95 10
1861 5378 10
1862 581 10
1863 8492 10
1864 5250 10
1865 8819 10
1866 8253 10
1867 6003 10
1868 7264 10
1869 6616 10
1870 684 10
1871 9670 10
1872 7264 10
1873 2734 10
1874 6616 10
1875 5503 10
1876 7234 10
1877 9393 10
1878 5201 10
1879 600 10
1880 5205 10
1881 109 10
1882 1977 10
1883 6841 10
1884 5312 10
1885 6841 10
1886 8819 10
1887 5857 10
1888 736 10
1889 5857 10
1890 8577 10
1891 8279 10
1892 7234 10
1893 59 10
1894 6865 10
1895 426 10
1896 6865 10
1897 6888 10
1898 648 10
1899 739 10
1900 8183 10
1901 1977 10
1902 95 10
1903 5486 10
1904 109 10
1905 8577 10
1906 6503 10
1907 6503 10
1908 432 10
1909 9074 10
1910 138 10
1911 57 10
1912 8762 10
1913 2173 10
1914 8762 10
1915 6888 10
1916 6134 10
1917 2173 10
1918 9074 10
1919 5737 10
1920 8548 10
1921 236 10
1922 739 10
1923 7616 10
1924 2459 10
1925 6873 10
1926 2459 10
1927 8548 10
1928 4965 10
1929 245 10
1930 7189 10
1931 7874 10
1932 385 10
1933 7189 10
1934 6134 10
1935 8279 10
1936 9380 10
1937 6402 10
1938 8 10
1939 6873 10
1940 9284 10
1941 6827 10
1942 5205 10
1943 5572 10
1944 6252 10
1945 138 10
1946 581 10
1947 9613 10
1948 5964 10
1949 9380 10
1950 5012 10
1951 6252 10
1952 6434 10
1953 313 10
1954 8183 10
1955 9613 10
1956 628 10
1957 5964 10
1958 9284 10
1959 6827 10
1960 245 10
1961 8408 10
1962 8096 10
1963 6146 10
1964 551 10
1965 8408 10
1966 6917 10
1967 9471 10
1968 5572 10
1969 8440 10
1970 8110 10
1971 711 10
1972 2164 10
1973 9471 10
1974 8440 10
1975 8820 10
1976 6576 10
1977 5606 10
1978 5308 10
1979 6472 10
1980 5606 10
1981 5343 10
1982 8820 10
1983 7874 10
1984 7616 10
1985 8468 10
1986 6576 10
1987 195 10
1988 6917 10
1989 8468 10
1990 2164 10
1991 8974 10
1992 466 10
1993 5123 10
1994 5658 10
1995 2039 10
1996 6803 10
1997 7860 10
1998 8974 10
1999 8545 10
2000 8545 10
2001 9370 10
2002 9370 10
2003 6146 10
2004 19 10
2005 5658 10
2006 6521 10
2007 5250 10
2008 5603 10
2009 6521 10
2010 7360 10
2011 5603 10
2012 2039 10
2013 628 10
2014 5420 10
2015 2884 10
2016 5486 10
2017 8550 10
2018 8550 10
2019 6803 10
2020 648 10
2021 7860 10
2022 629 10
2023 5829 10
2024 57 10
2025 5496 10
2026 5829 10
2027 195 10
2028 8999 10
2029 5496 10
2030 313 10
2031 6472 10
2032 6434 10
2033 5846 10
2034 67 10
2035 8999 10
2036 6515 10
2037 561 10
2038 6515 10
2039 551 10
2040 2884 10
2041 6872 10
2042 8147 10
2043 141 10
2044 5420 10
2045 521 10
2046 7360 10
2047 7141 10
2048 2782 10
2049 314 10
2050 5846 10
2051 5217 10
2052 5567 10
2053 6402 10
2054 5567 10
2055 6044 10
2056 5459 10
2057 7394 10
2058 8349 10
2059 194 10
2060 5459 10
2061 314 10
2062 5544 10
2063 45 10
2064 561 10
2065 6044 10
2066 5853 10
2067 5333 10
2068 432 10
2069 194 10
2070 8349 10
2071 8987 10
2072 8031 10
2073 141 10
2074 8987 10
2075 6872 10
2076 5072 10
2077 8147 10
2078 5972 10
2079 5334 10
2080 80 10
2081 6929 10
2082 5972 10
2083 80 10
2084 8200 10
2085 8518 10
2086 8200 10
2087 5217 10
2088 8518 10
2089 5436 10
2090 6109 10
2091 8301 10
2092 6443 10
2093 7141 10
2094 7394 10
2095 6109 10
2096 6929 10
2097 8301 10
2098 869 10
2099 5334 10
2100 8401 10
2101 9448 10
2102 7769 10
2103 5988 10
2104 8401 10
2105 9448 10
2106 5544 10
2107 2782 10
2108 6443 10
2109 150 10
2110 7224 10
2111 6747 10
2112 7224 10
2113 8590 10
2114 8176 10
2115 9478 10
2116 8110 10
2117 2632 10
2118 5853 10
2119 8176 10
2120 2632 10
2121 214 10
2122 2302 10
2123 6489 10
2124 150 10
2125 5988 10
2126 5749 10
2127 8395 10
2128 8590 10
2129 7181 10
2130 8125 10
2131 8905 10
2132 2302 10
2133 5627 10
2134 9478 10
2135 8259 10
2136 5001 10
2137 7181 10
2138 7769 10
2139 491 10
2140 320 10
2141 320 10
2142 6462 10
2143 8395 10
2144 491 10
2145 5899 10
2146 28 10
2147 8259 10
2148 5749 10
2149 9632 10
2150 5899 10
2151 6489 10
2152 6747 10
2153 7051 10
2154 6620 10
2155 8418 10
2156 4895 10
2157 8418 10
2158 8402 10
2159 7808 10
2160 7808 10
2161 319 10
2162 7051 10
2163 6620 10
2164 7905 10
2165 8905 10
2166 7021 10
2167 5291 10
2168 8402 10
2169 2310 10
2170 6387 10
2171 9632 10
2172 6488 10
2173 5627 10
2174 5196 10
2175 8530 10
2176 1012 10
2177 809 10
2178 7588 10
2179 6488 10
2180 7021 10
2181 6462 10
2182 5196 10
2183 521 10
2184 5970 10
2185 4895 10
2186 7905 10
2187 8530 10
2188 7588 10
2189 7165 10
2190 7704 10
2191 559 10
2192 7165 10
2193 2310 10
2194 9347 10
2195 6517 10
2196 9347 10
2197 8568 10
2198 9273 10
2199 532 10
2200 9273 10
2201 5123 10
2202 8568 10
2203 152 10
2204 7704 10
2205 7099 10
2206 8140 10
2207 5436 10
2208 2429 10
2209 6517 10
2210 8125 10
2211 2429 10
2212 133 10
2213 9458 10
2214 8140 10
2215 559 10
2216 7099 10
2217 711 10
2218 7077 10
2219 6665 10
2220 5970 10
2221 8031 10
2222 5773 10
2223 7593 10
2224 9458 10
2225 8944 10
2226 5773 10
2227 6387 10
2228 8944 10
2229 11 10
2230 5933 10
2231 809 10
2232 629 10
2233 5510 10
2234 2695 10
2235 7077 10
2236 133 10
2237 6665 10
2238 5084 10
2239 6730 10
2240 5510 10
2241 584 10
2242 8216 10
2243 2695 10
2244 172 10
2245 6730 10
2246 9297 10
2247 5537 10
2248 5933 10
2249 5907 10
2250 1185 10
2251 9297 10
2252 9634 10
2253 11 10
2254 6762 10
2255 8216 10
2256 2416 10
2257 9257 10
2258 6839 10
2259 7257 10
2260 6083 10
2261 5907 10
2262 8697 10
2263 319 10
2264 532 10
2265 9634 10
2266 5537 10
2267 9582 10
2268 1185 10
2269 7257 10
2270 6083 10
2271 8238 10
2272 6091 10
2273 6862 10
2274 8238 10
2275 6862 10
2276 7750 10
2277 6839 10
2278 7593 10
2279 5872 10
2280 6011 10
2281 6011 10
2282 7046 10
2283 6274 10
2284 6762 10
2285 5747 10
2286 45 10
2287 5710 10
2288 5291 10
2289 8697 10
2290 8380 10
2291 5872 10
2292 5120 10
2293 152 10
2294 6535 10
2295 8380 10
2296 6535 10
2297 6714 10
2298 6714 10
2299 8181 10
2300 5335 10
2301 9257 10
2302 8816 10
2303 2416 10
2304 8181 10
2305 7046 10
2306 6782 10
2307 41 10
2308 9582 10
2309 8816 10
2310 5498 10
2311 7012 10
2312 8162 10
2313 7012 10
2314 8162 10
2315 7992 10
2316 18 10
2317 7312 10
2318 8133 10
2319 6274 10
2320 5747 10
2321 5335 10
2322 6378 10
2323 2833 10
2324 130 10
2325 6091 10
2326 6565 10
2327 6679 10
2328 9132 10
2329 6097 10
2330 6782 10
2331 6565 10
2332 8988 10
2333 6378 10
2334 9132 10
2335 6097 10
2336 257 10
2337 584 10
2338 7312 10
2339 7006 10
2340 2833 10
2341 7431 10
2342 2478 10
2343 342 10
2344 6114 10
2345 8133 10
2346 6114 10
2347 9442 10
2348 6679 10
2349 9442 10
2350 5451 10
2351 484 10
2352 7431 10
2353 7750 10
2354 5834 10
2355 869 10
2356 8026 10
2357 6259 10
2358 8257 10
2359 5477 10
2360 6038 10
2361 5710 10
2362 7202 10
2363 8026 10
2364 7202 10
2365 1012 10
2366 5233 10
2367 8988 10
2368 5233 10
2369 6532 10
2370 8257 10
2371 5498 10
2372 9604 10
2373 9604 10
2374 5451 10
2375 2478 10
2376 6532 10
2377 9310 10
2378 30 10
2379 8399 10
2380 2207 10
2381 5477 10
2382 8399 10
2383 36 10
2384 7992 10
2385 6383 10
2386 9310 10
2387 8574 10
2388 9614 10
2389 142 10
2390 8120 10
2391 784 10
2392 7006 10
2393 8420 10
2394 784 10
2395 6383 10
2396 7025 10
2397 36 10
2398 6751 10
2399 8574 10
2400 7462 10
2401 7025 10
2402 8420 10
2403 8896 10
2404 6882 10
2405 8896 10
2406 8929 10
2407 4987 10
2408 6012 10
2409 7288 10
2410 5697 10
2411 8001 10
2412 8001 10
2413 8929 10
2414 8173 10
2415 8173 10
2416 6474 10
2417 7017 10
2418 7288 10
2419 7462 10
2420 6474 10
2421 5568 10
2422 6259 10
2423 5120 10
2424 7017 10
2425 5320 10
2426 5834 10
2427 214 10
2428 6038 10
2429 2207 10
2430 6400 10
2431 9097 10
2432 6400 10
2433 6751 10
2434 6012 10
2435 6053 10
2436 5320 10
2437 5328 10
2438 8214 10
2439 8120 10
2440 6256 10
2441 2626 10
2442 24 10
2443 5568 10
2444 7022 10
2445 9614 10
2446 2626 10
2447 130 10
2448 9097 10
2449 385 10
2450 7022 10
2451 6053 10
2452 6882 10
2453 5895 10
2454 30 10
2455 8022 10
2456 5948 10
2457 9018 10
2458 8214 10
2459 81 10
2460 9018 10
2461 7477 10
2462 5618 10
2463 5875 10
2464 342 10
2465 7477 10
2466 5067 10
2467 8292 10
2468 8022 10
2469 142 10
2470 8292 10
2471 6256 10
2472 1999 10
2473 5948 10
2474 8337 10
2475 1999 10
2476 8390 10
2477 8390 10
2478 873 10
2479 8337 10
2480 2936 10
2481 8637 10
2482 6104 10
2483 873 10
2484 9208 10
2485 5805 10
2486 5328 10
2487 5895 10
2488 9208 10
2489 8637 10
2490 2936 10
2491 5723 10
2492 8564 10
2493 8062 10
2494 9146 10
2495 257 10
2496 719 10
2497 210 10
2498 8564 10
2499 172 10
2500 439 10
2501 8250 10
2502 362 10
2503 6271 10
2504 9436 10
2505 719 10
2506 4994 10
2507 8062 10
2508 8250 10
2509 31 10
2510 5303 10
2511 6923 10
2512 8578 10
2513 7488 10
2514 6104 10
2515 9436 10
2516 8578 10
2517 9146 10
2518 387 10
2519 6548 10
2520 7488 10
2521 6271 10
2522 6923 10
2523 6548 10
2524 154 10
2525 7455 10
2526 9560 10
2527 7963 10
2528 8205 10
2529 484 10
2530 6773 10
2531 9165 10
2532 9560 10
2533 6447 10
2534 8205 10
2535 6980 10
2536 4940 10
2537 6980 10
2538 7963 10
2539 6071 10
2540 7797 10
2541 5508 10
2542 5508 10
2543 6435 10
2544 7888 10
2545 8139 10
2546 9584 10
2547 7888 10
2548 5303 10
2549 5399 10
2550 8734 10
2551 8434 10
2552 9254 10
2553 7823 10
2554 2319 10
2555 8434 10
2556 5399 10
2557 5805 10
2558 6773 10
2559 6071 10
2560 7823 10
2561 8734 10
2562 2319 10
2563 5875 10
2564 6805 10
2565 6805 10
2566 5618 10
2567 7161 10
2568 9254 10
2569 6447 10
2570 7455 10
2571 8139 10
2572 9165 10
2573 4965 10
2574 6514 10
2575 5455 10
2576 7836 10
2577 6514 10
2578 7836 10
2579 1985 10
2580 959 10
2581 5723 10
2582 7871 10
2583 7161 10
2584 6692 10
2585 9093 10
2586 5697 10
2587 7381 10
2588 5288 10
2589 5684 10
2590 6435 10
2591 7079 10
2592 18 10
2593 1985 10
2594 5684 10
2595 6692 10
2596 6854 10
2597 6636 10
2598 6636 10
2599 1976 10
2600 8407 10
2601 7871 10
2602 4994 10
2603 6546 10
2604 5455 10
2605 5808 10
2606 8198 10
2607 1976 10
2608 959 10
2609 2449 10
2610 7882 10
2611 2449 10
2612 604 10
2613 2688 10
2614 8683 10
2615 7882 10
2616 8683 10
2617 5693 10
2618 8407 10
2619 8198 10
2620 9584 10
2621 9727 10
2622 5383 10
2623 967 10
2624 6223 10
2625 9093 10
2626 6223 10
2627 4987 10
2628 7804 10
2629 9727 10
2630 31 10
2631 7079 10
2632 2688 10
2633 9391 10
2634 967 10
2635 8078 10
2636 8305 10
2637 5383 10
2638 8602 10
2639 2016 10
2640 8305 10
2641 5202 10
2642 6655 10
2643 7804 10
2644 8602 10
2645 805 10
2646 2016 10
2647 9235 10
2648 1968 10
2649 5534 10
2650 6806 10
2651 7381 10
2652 6655 10
2653 7107 10
2654 8078 10
2655 9391 10
2656 9378 10
2657 7797 10
2658 9235 10
2659 1968 10
2660 439 10
2661 5419 10
2662 9378 10
2663 6137 10
2664 6546 10
2665 5808 10
2666 8101 10
2667 5116 10
2668 7479 10
2669 2353 10
2670 5693 10
2671 7479 10
2672 2353 10
2673 2891 10
2674 2891 10
2675 7107 10
2676 387 10
2677 362 10
2678 2279 10
2679 7989 10
2680 5801 10
2681 805 10
2682 2279 10
2683 7989 10
2684 6137 10
2685 524 10
2686 9571 10
2687 955 10
2688 9571 10
2689 6806 10
2690 6421 10
2691 6854 10
2692 8369 10
2693 5159 10
2694 7538 10
2695 5202 10
2696 9487 10
2697 6009 10
2698 5137 10
2699 6009 10
2700 8369 10
2701 6485 10
2702 6485 10
2703 8101 10
2704 8927 10
2705 5801 10
2706 7203 10
2707 5791 10
2708 6770 10
2709 9487 10
2710 2396 10
2711 6770 10
2712 8077 10
2713 7538 10
2714 4940 10
2715 5791 10
2716 6421 10
2717 293 10
2718 5044 10
2719 7000 10
2720 7792 10
2721 7000 10
2722 8731 10
2723 9396 10
2724 7792 10
2725 8680 10
2726 5722 10
2727 8459 10
2728 6693 10
2729 9618 10
2730 9396 10
2731 2396 10
2732 2892 10
2733 9618 10
2734 4997 10
2735 2892 10
2736 34 10
2737 882 10
2738 7203 10
2739 9495 10
2740 8731 10
2741 8134 10
2742 6268 10
2743 440 10
2744 5722 10
2745 8927 10
2746 8680 10
2747 6050 10
2748 9657 10
2749 604 10
2750 6050 10
2751 7597 10
2752 6379 10
2753 293 10
2754 8134 10
2755 8459 10
2756 5219 10
2757 280 10
2758 7068 10
2759 9657 10
2760 5419 10
2761 9682 10
2762 8077 10
2763 6693 10
2764 8628 10
2765 2410 10
2766 7809 10
2767 6268 10
2768 5739 10
2769 9495 10
2770 5044 10
2771 9682 10
2772 5534 10
2773 2410 10
2774 5739 10
2775 3027 10
2776 280 10
2777 6557 10
2778 251 10
2779 5949 10
2780 6557 10
2781 6033 10
2782 6633 10
2783 6408 10
2784 449 10
2785 8628 10
2786 9674 10
2787 8377 10
2788 9674 10
2789 239 10
2790 7809 10
2791 6408 10
2792 7 10
2793 333 10
2794 5192 10
2795 6033 10
2796 8224 10
2797 9318 10
2798 7891 10
2799 5949 10
2800 369 10
2801 9318 10
2802 5288 10
2803 5770 10
2804 3027 10
2805 9329 10
2806 8377 10
2807 8224 10
2808 7891 10
2809 9329 10
2810 6633 10
2811 7068 10
2812 66 10
2813 7057 10
2814 7057 10
2815 5502 10
2816 5770 10
2817 6776 10
2818 8299 10
2819 5528 10
2820 1889 10
2821 7969 10
2822 6468 10
2823 9663 10
2824 6776 10
2825 882 10
2826 333 10
2827 6002 10
2828 8935 10
2829 24 10
2830 8627 10
2831 6696 10
2832 8935 10
2833 7597 10
2834 5159 10
2835 8235 10
2836 6379 10
2837 9117 10
2838 5673 10
2839 6002 10
2840 9117 10
2841 8627 10
2842 8299 10
2843 6696 10
2844 4997 10
2845 6853 10
2846 9158 10
2847 9158 10
2848 1889 10
2849 8729 10
2850 5673 10
2851 7128 10
2852 8729 10
2853 7692 10
2854 8517 10
2855 34 10
2856 5757 10
2857 449 10
2858 7692 10
2859 1952 10
2860 614 10
2861 6853 10
2862 9578 10
2863 6468 10
2864 1952 10
2865 6604 10
2866 7128 10
2867 15 10
2868 41 10
2869 7388 10
2870 8517 10
2871 7884 10
2872 8235 10
2873 9663 10
2874 9145 10
2875 2845 10
2876 6440 10
2877 955 10
2878 9706 10
2879 9145 10
2880 9706 10
2881 7 10
2882 7969 10
2883 6493 10
2884 2845 10
2885 8218 10
2886 9578 10
2887 5757 10
2888 5 10
2889 9624 10
2890 1176 10
2891 8410 10
2892 154 10
2893 475 10
2894 5779 10
2895 1176 10
2896 6858 10
2897 6858 10
2898 6604 10
2899 2317 10
2900 909 10
2901 5779 10
2902 8410 10
2903 9240 10
2904 8218 10
2905 1105 10
2906 369 10
2907 5604 10
2908 2317 10
2909 7388 10
2910 6733 10
2911 725 10
2912 5604 10
2913 5825 10
2914 7508 10
2915 6733 10
2916 5825 10
2917 5502 10
2918 2214 10
2919 6493 10
2920 5647 10
2921 5647 10
2922 9624 10
2923 149 10
2924 6465 10
2925 909 10
2926 9222 10
2927 5370 10
2928 7884 10
2929 5528 10
2930 5526 10
2931 81 10
2932 6465 10
2933 6068 10
2934 2945 10
2935 9222 10
2936 6068 10
2937 8726 10
2938 6216 10
2939 8726 10
2940 9705 10
2941 9240 10
2942 6527 10
2943 614 10
2944 9654 10
2945 6527 10
2946 5526 10
2947 6753 10
2948 8089 10
2949 66 10
2950 5690 10
2951 7168 10
2952 9432 10
2953 8254 10
2954 8254 10
2955 26 10
2956 2214 10
2957 8864 10
2958 8089 10
2959 8362 10
2960 607 10
2961 7324 10
2962 7168 10
2963 8362 10
2964 5707 10
2965 534 10
2966 88 10
2967 2945 10
2968 7508 10
2969 7197 10
2970 5707 10
2971 8009 10
2972 5690 10
2973 2648 10
2974 8009 10
2975 5283 10
2976 8864 10
2977 8366 10
2978 8982 10
2979 7714 10
2980 5137 10
2981 8106 10
2982 37 10
2983 5370 10
2984 2648 10
2985 8982 10
2986 2926 10
2987 6048 10
2988 8106 10
2989 6753 10
2990 9705 10
2991 6910 10
2992 5192 10
2993 8366 10
2994 6048 10
2995 7082 10
2996 8372 10
2997 5283 10
2998 149 10
2999 653 10
3000 9215 10
