500
1 5906 200 5986 200 5885 200 6154 200 8777 200 5974 200 5835 200 9094 200 8995 200 8947 200 6155 200 6200 200 5841 200 9151 200 8928 200 8824 200 6296 200 8880 200 6101 200 6122 200 6141 200 8976 200 9220 200 9017 200 6039 200 6021 200 6034 200 6353 200 6191 200 9157 176
2 8923 200 8920 181
3 9157 24 9182 200 9084 200 5811 200 9203 200 5889 200 9191 200 5721 200 5672 200 8920 19 9015 153
4 9015 47 8818 200 8986 8
5 8986 192 8892 200 9217 200 9387 200 9253 200 8707 200 9193 168
6 6074 200 6225 200 6085 200 6213 200 5971 200 6282 200 5865 200 9193 32 8703 200 9196 200 5681 200 6186 200 8868 200 5815 200 5630 50
7 8817 200 9047 164
8 9283 200 9047 36 9343 165
9 5630 150 5911 200 6112 200 6204 200 6073 200 6206 200 6273 200 6280 200 5951 200 5876 200 6265 200 6153 200 6244 200 5894 200 5659 200 5759 200 5946 200 6041 200 5617 200 5745 200 5861 200 6255 200 5629 200 6165 200 5639 200 6178 200 6393 200 6430 200 5692 200 5918 200 5947 200 5778 200 5979 200 5828 200 6272 200 5780 200 5729 200 6150 200 5924 77
10 9343 35 9101 200 8766 200 8833 200 9005 200 8701 200 9060 200 9226 200 8955 200 9245 200 8747 200 9091 200 9105 200 8752 144
11 8752 14
12 9202 174
13 5924 123 6238 200 5788 200 6415 200 5553 200 6051 200 5796 200 5927 200 6127 200 6023 200 6032 200 6107 200 5849 200 5855 200 5955 200 5635 200 5893 200 6287 200 6343 200 6234 62
14 8752 42 9509 200 8852 200 8971 200 8815 200 9066 200 9390 102
15 9390 98 8872 200 9202 26 9277 116
16 9277 84 8902 200 8958 113
17 8958 87 9038 41
18 8741 200 6234 138 6115 200 5873 200 5913 200 6035 200 5751 200 8845 200 5767 200 8835 200 5999 200 5859 200 5816 200 6157 163
19 6157 37 6201 200 5830 200 6061 200 6339 200 6361 200 6350 200 5625 200 5960 200 6049 200 6152 200 6078 200 5600 200 5908 200 5935 200 6334 200 5649 200 6297 200 5993 200 6529 200 6063 200 6130 96
20 9038 159 8953 200 9114 200 8922 200 8942 200 9050 122
21 9526 18
22 2556 200 5152 200 5146 200 2576 200 2567 200 5145 200 2621 55
23 6130 104 5717 200 5763 200 6329 200 5912 200 6477 200 5900 200 5786 200 6181 200 6398 200 6269 200 6253 200 6066 200 5878 200 6025 200 6333 200 6461 200 5929 200 6092 200 5827 200 6185 200 5556 200 6242 200 5670 200 5715 200 6433 138
24 9050 78 8876 200 9048 127
25 9048 73 9228 200 9251 142
26 8648 200 8667 200 8609 200 8597 200 8479 200 6433 62 6471 200 5772 200 5726 200 6093 200 5521 200 6347 200 6442 200 5892 200 5854 118
27 5854 82 5774 200 6143 200 6019 135
28 9251 58 9468 200 9169 17
29 9169 183 8977 200 8797 200 8862 200 9021 200 9123 200 9237 200 9177 200 8855 200 8780 200 8861 200 8865 200 9312 116
30 9413 200 9482 200 9312 84 9115 200 8908 200 9052 200 8745 200 9112 12
31 6019 65 5660 200 6056 200 5831 200 6116 200 5793 200 6479 200 6301 200 6302 200 5643 200 6010 200 5601 200 6322 24
32 6322 176 5782 200 6292 200 5943 200 5858 200 5987 200 6081 200 5920 200 5506 200 6028 200 6568 200 6539 200 6006 200 6040 200 6362 200 5602 200 5642 200 6283 200 6367 200 5837 200 6121 200 6505 200 6246 200 5819 200 5655 200 6344 200 6158 200 6324 200 6340 200 5888 200 5558 200 5696 200 5990 200 6483 200 5679 200 5998 200 6261 177
33 8849 200 8739 200 8883 200 8830 200 8859 200 8801 200 8737 200
34 6261 23 6211 200 6385 200 6125 200 5743 200 6136 112
35 6136 88 6008 200 6364 200 5652 200 6151 200 6126 200 6437 200 6512 200 7526 200 6139 200 5596 200 6005 200 6258 200 5738 200 6566 200 6526 200 6087 200 6022 200 6426 71
36 9009 88
37 9112 188 9009 66
38 7621 200 7955 200 7497 111
39 9449 200 9431 136
40 9009 46 9100 200 9189 200 9262 200 9152 200 9431 64 9345 200 8938 200 9016 200 9526 182 8886 200 8754 200 8828 200 8968 200 9028 200 8917 200 9033 200 9206 190
41 9206 10 9255 200 9078 200 9075 200 9051 200 9000 200 9204 200 8767 200 8810 200 9440 200 8588 200 8860 200 9379 200 8493 200 8728 200 8783 200 9429 200 8699 200 9001 200 9083 200 9457 200 8992 200 8822 200 8671 200 8869 200 8583 200 9298 200 8891 200 9118 200 9103 200 8983 200 9025 73
42 8641 200 8840 200 8870 200 8903 176
43 9025 127 9087 200 9351 200 9129 200 9058 200 8903 24 8653 127
44 6426 129 5938 200 6298 200 5996 200 5590 200 6159 200 7134 200 5925 200 6326 200 5856 200 5733 200 6110 200 6469 200 6360 200 6365 200 6445 200 6444 200 5826 200 5732 200 5731 200 6588 136
45 9755 125
46 8653 73 8709 200 9412 200 9371 109
47 8646 200 9371 91 8674 200 9252 200 8664 200 8571 200 8836 200 9304 200 8606 200 8716 200 8776 200 8916 200 8934 200 8557 200 9156 200 8678 200 9125 80
48 9125 120 8484 200 9452 18
49 8497 200 6588 64 8521 200 5981 200 6014 200 6227 200 5787 200 5492 200 5957 200 6184 200 5982 200 6133 200 8508 200 7026 200 6171 200 5574 200 6342 200 6096 200 7153 200 5768 200 6209 200 8424 200 5699 200 6983 200 5454 200 5820 200 5705 117
50 9638 200 9452 182 9173 200 8733 200 8950 200 8894 200 8625 173
51 8625 27 8560 200 9519 200 8831 200 9510 200 8809 200 8804 99
52 7497 89 5917 200 5994 200 6551 200 6481 200 6182 200 6416 197
53 8804 101 8526 200 8742 56
54 8874 200 8834 200 9415 200 8742 144 8657 148
55 8657 52 8594 200 8756 76
56 8070 200 7585 200 7178 59
57 5705 83 5720 200 5755 200 6416 3 5923 200 6260 200 6439 200 6018 200 6305 200 6057 200 5663 200 5870 200 5685 200 6496 46
58 9126 50
59 9126 150 9171 200 9065 200 8756 124 8875 200 9036 200 8895 200 8537 200 8748 200 9149 200 9148 200 8585 200 8650 200 8926 200 9144 200 9044 200 8400 200 9034 200 8909 200 8665 200 9045 143
60 9274 200 9269 200 9334 200 9417 200 9488 200 9322 200 9382 200 9281 200 9045 57 9272 200 9381 112
61 6496 154 6037 200 6510 200 5725 200 5939 200 5664 127
62 2221 200 2336 200 2371 200 2172 200 2090 200 2621 145 2650 200 2366 200 2840 200 2599 200 2529 194
63 9499 90
64 8477 200 8554 200 5664 73 5540 200 5864 200 5977 200 6135 200 7178 141 5741 200 5734 200 6460 200 5821 200 5975 200 8853 200 5922 200 8711 200 8596 200 5890 200 5351 200 5654 73
65 9499 110 9576 200 9381 88 8997 200 9428 200 9539 200 9323 156
66 5654 127 5926 200 5769 94
67 9323 44 9291 200 9392 144
68 9392 56 9287 176
69 5769 103
70 5175 200 5179 200 5183 200 5176 200 2529 6 2383 200 2610 200 2335 200 2388 200 2528 200 5138 200 5099 200 2439 200 2151 200 5094 200 2474 200 2299 200 2452 200 5151 200 2260 200 2359 128
71 9287 24 8877 147
72 8877 53 8788 200 8706 200 9155 200 8559 200 8939 200 7917 200 8763 200 8913 200 8941 20
73 5769 3 6998 200 6103 200 6325 200 6669 200 6229 165
74 9928 105
75 9502 92
76 6982 200 8164 200 7148 200 7016 200 8398 200 8527 200 7349 200 8462 200 8448 4
77 6229 35 6310 200 5468 200 6172 200 6065 200 8941 180 8736 200 6027 200 8608 200 8732 200 5622 200 6055 200 9502 12
78 5482 200 5453 32
79 6024 200 5453 168 6315 200 6168 200 5942 200 6394 200 6331 200 5883 200 6090 200 5607 200 5936 200 6323 200 6580 200 5845 200 6336 200 5882 200 5799 200 5724 200 6401 200 6131 200 6528 200 6673 200 6263 200 6363 107
80 8915 200 9024 200 8774 200 8841 200 8887 200 8603 95
81 8603 105 8620 200 8758 200 8787 200 6363 93 8798 200 5610 200 8658 200 5614 200 6609 200 8448 196 8690 200 8509 200 8778 200 8330 200 6030 200 6235 200 6411 200 6156 200 7777 200 6651 200 6215 200 6392 200 6016 187
82 9601 81
83 9502 96 9188 200 8978 200 9375 200 8975 200 9225 200 9339 132
84 6016 13 7065 200 6525 200 5505 200 5931 200 6278 200 6596 200 6377 200 5860 200 5902 200 6414 200 7850 200 6422 200 5570 200 7844 200 5822 200 6198 200 5886 200 6423 200 6351 200 6319 200 6111 200 6368 57
85 9339 68 8879 200 9214 200 9043 200 9109 200 9306 200 8981 200 9166 200 8980 200 9307 200 9397 96
86 8239 200 6368 143 7005 200 6664 47
87 9601 119 9628 200 9397 104 8898 200 9483 200 9026 200 9491 200 8772 200 8677 200 8422 200 8469 200 8749 200 8919 93
88 8919 107 8514 200 8972 200 8952 200 8765 200 8523 200 6664 153 6881 200 6438 200 8495 200 5424 200 6386 200 8309 200 8612 119
89 9133 200 9456 200 9096 200 9183 112
90 9421 9
91 2359 72 2588 200 2276 200 2287 200 2153 200 2407 200 2486 200 2069 200 2641 200 2423 200 2481 200 2226 83
92 6043 200 6650 200 6384 200 6330 200 5648 200 6231 200 5448 200 6598 35
93 9676 200 9585 23
94 6598 165 5628 200 5868 200 7285 190
95 9421 31
96 9183 88 9198 200 9178 5
97 9421 160 9178 195 9153 200 9160 200 8612 81 9232 200 8352 200 8967 200 8351 200 8808 200 8613 200 9359 200 9229 200 7285 10 8948 200 9212 200 6304 200 7339 200 8759 200 5666 200 6720 200 6727 200 8150 200 8794 200 9507 200 6436 81
98 9755 8
99 6436 119 8714 200 9179 200 9008 200 5818 200 6106 200 6605 200 6506 200 8503 200 9479 200 5416 200 9167 191
100 9167 9 9311 200 9134 200 9270 75
101 929 10
102 5832 10
103 7452 10
104 5129 10
105 5644 10
106 5832 10
107 7452 10
108 7452 10
109 7452 10
110 7452 10
111 5832 10
112 668 10
113 7452 10
114 2226 10
115 929 10
116 7452 10
117 2226 10
118 5832 10
119 5832 10
120 7452 10
121 7452 10
122 2226 10
123 5832 10
124 5199 10
125 7452 10
126 7452 10
127 5832 10
128 2226 10
129 7452 10
130 5377 10
131 122 10
132 7452 10
133 7452 10
134 5832 10
135 7452 10
136 2226 10
137 7452 10
138 5377 10
139 7452 10
140 7452 10
141 5832 10
142 5377 10
143 7452 10
144 7452 10
145 929 10
146 5832 10
147 2226 10
148 5515 10
149 5832 10
150 2226 10
151 5832 10
152 929 10
153 770 10
154 5832 10
155 5832 10
156 929 10
157 5832 10
158 2226 10
159 5832 10
160 5644 10
161 5832 10
162 668 10
163 5832 10
164 5832 10
165 5832 10
166 2226 10
167 216 10
168 2226 10
169 6550 10
170 6550 10
171 2226 10
172 6550 10
173 6550 10
174 216 10
175 668 10
176 58 10
177 2226 7 2547 3
178 6550 10
179 482 10
180 5644 10
181 6550 10
182 2547 10
183 6550 10
184 5833 10
185 668 10
186 5833 10
187 6550 10
188 5340 10
189 6550 10
190 6550 10
191 6550 10
192 216 10
193 6550 10
194 6550 10
195 6550 10
196 6482 10
197 6550 10
198 6550 10
199 58 10
200 6550 10
201 6550 10
202 6550 10
203 6550 10
204 2547 10
205 6601 10
206 9270 10
207 9270 10
208 6601 10
209 5311 10
210 2547 10
211 2547 10
212 2547 10
213 2547 10
214 6601 10
215 6144 10
216 9270 10
217 6601 10
218 5377 10
219 6601 10
220 6 10
221 6601 10
222 6601 10
223 6601 10
224 5781 10
225 2547 10
226 5377 10
227 770 10
228 9270 10
229 6601 10
230 668 10
231 5833 10
232 9270 10
233 6601 10
234 6601 10
235 6601 10
236 6601 10
237 6601 10
238 5781 10
239 6601 10
240 6601 10
241 2547 10
242 6601 10
243 6601 10
244 5644 10
245 6601 10
246 9270 10
247 6601 10
248 770 10
249 5223 10
250 8470 10
251 8470 10
252 9270 10
253 6482 10
254 2547 10
255 9270 10
256 9270 10
257 6482 10
258 5452 10
259 5833 10
260 929 10
261 5203 10
262 5452 10
263 8470 10
264 6482 10
265 5833 10
266 929 10
267 6482 10
268 6482 10
269 6482 10
270 6144 10
271 6482 10
272 2547 10
273 5833 10
274 6482 10
275 2547 10
276 9270 10
277 415 10
278 156 10
279 6144 10
280 8470 10
281 2547 10
282 6482 10
283 6482 10
284 8470 10
285 5587 10
286 5223 10
287 8470 10
288 8470 10
289 6482 10
290 5781 10
291 2547 10
292 929 10
293 6144 10
294 6482 10
295 6482 10
296 6482 10
297 8470 10
298 5644 10
299 2547 10
300 6482 10
301 8470 10
302 6482 10
303 6482 10
304 8470 10
305 6482 10
306 8470 10
307 482 10
308 5833 10
309 2547 10
310 6482 10
311 5833 10
312 6591 10
313 7415 10
314 9270 10
315 929 10
316 9270 10
317 6591 10
318 8470 10
319 8470 10
320 7415 10
321 5833 10
322 6144 10
323 770 10
324 7415 10
325 8470 10
326 5340 10
327 415 10
328 6144 10
329 2547 10
330 5515 10
331 2547 10
332 5377 10
333 6144 10
334 9270 5 8470 5
335 2547 10
336 8470 10
337 8470 10
338 7415 10
339 7415 10
340 2547 10
341 122 10
342 7415 10
343 8470 10
344 6144 10
345 6591 10
346 2547 7 2099 3
347 929 10
348 7415 10
349 6591 10
350 8470 10
351 5276 10
352 6591 10
353 216 10
354 2099 10
355 8470 10
356 8470 5 8485 5
357 7415 10
358 7415 10
359 2099 10
360 2099 10
361 8485 10
362 7415 10
363 8485 10
364 8485 10
365 7415 10
366 5833 10
367 2099 10
368 156 10
369 7415 10
370 8485 10
371 5129 10
372 770 10
373 2099 10
374 8485 10
375 2099 10
376 5539 10
377 8485 10
378 482 10
379 7415 10
380 8485 10
381 5452 10
382 2099 10
383 2099 10
384 8485 10
385 6591 10
386 58 10
387 6591 10
388 2099 10
389 8485 10
390 6591 10
391 2099 10
392 8485 10
393 6144 10
394 216 10
395 8485 10
396 415 10
397 5833 10
398 5781 10
399 8485 10
400 6591 10
401 929 10
402 7415 10
403 73 10
404 929 10
405 5377 10
406 6144 10
407 7415 10
408 8485 10
409 5223 10
410 8485 10
411 6144 10
412 5833 10
413 8485 10
414 5340 10
415 7415 10
416 7415 10
417 2099 10
418 6591 10
419 5644 10
420 8485 10
421 668 10
422 7415 10
423 482 10
424 58 10
425 929 10
426 6591 10
427 6591 10
428 282 10
429 6144 10
430 7415 10
431 482 10
432 6144 10
433 7415 10
434 8485 10
435 482 10
436 8485 10
437 282 10
438 6591 10
439 32 10
440 8485 10
441 6591 10
442 8485 5 8882 5
443 5340 10
444 482 10
445 6144 10
446 6591 10
447 6591 10
448 58 10
449 5833 10
450 2542 10
451 8882 10
452 6591 10
453 5129 10
454 6591 10
455 6591 10
456 5377 10
457 515 10
458 6591 10
459 7474 10
460 668 10
461 5203 10
462 9282 10
463 9282 10
464 8556 10
465 6144 10
466 5833 10
467 7474 10
468 2099 10
469 2099 10
470 8556 10
471 8556 10
472 156 10
473 73 10
474 415 10
475 6144 10
476 6144 10
477 58 10
478 7474 10
479 7474 10
480 122 10
481 7474 10
482 216 10
483 6144 10
484 8556 10
485 6144 10
486 282 10
487 7474 10
488 8882 10
489 5833 10
490 515 10
491 8882 10
492 6144 10
493 2099 10
494 58 10
495 9282 10
496 9282 10
497 32 10
498 2099 10
499 2099 10
500 8556 10
