80
1 278 50 293 47
2 796 50 804 50 825 40
3 293 3 248 50 322 50 244 31
4 733 50 728 11
5 8 50 17 32
6 674 50 666 50 633 50 661 50 676 50 673 50 652 50 670 5
7 753 8
8 697 50 693 50 706 50 679 50 688 50 708 50 699 50 682 50 709 50 703 50 681 38
9 705 50 712 50 700 50 713 27
10 992 5
11 681 7
12 635 50 623 29
13 588 50 586 50 594 50 578 50 580 4
14 981 23
15 825 10 816 44
16 681 5 690 50 694 21
17 244 19 282 50 305 50 292 50 297 50 307 49
18 670 45 623 21 694 29 650 50 655 50 713 23 653 13
19 653 37 728 39 707 50 667 50 672 50 657 50 643 50 680 50 640 41
20 816 6 824 50 860 50 820 10
21 640 9 711 50 621 38
22 981 27 983 50 962 14
23 962 36 992 19
24 621 12 722 50 664 50 721 50 738 10
25 946 31
26 625 50 649 50 607 50 647 50 654 50 630 50 642 13
27 738 40 685 50 698 50 715 21
28 725 48
29 715 13
30 715 16 725 2 695 50 720 50 747 50 753 42 675 50 758 24
31 992 9
32 758 26 741 50 719 18
33 951 5
34 992 6
35 691 50 696 50 686 50 671 15
36 719 13
37 719 19 714 50 717 7
38 717 40
39 946 19 951 42
40 671 35 642 37 610 50 646 50 626 50 658 50 656 22
41 717 3 730 50 723 50 737 50 752 50 718 50 727 50 739 50 751 50 759 50 762 50 763 50 760 50 678 13
42 678 37 731 50 724 44
43 976 3
44 656 28 663 50 637 50 605 50 615 50 619 25
45 724 6 764 50 684 50 729 50 773 23
46 773 27 754 50 769 50 710 50 735 50 766 50 779 50 687 50 704 50 750 50 742 50 692 50 767 32
47 767 18 619 25 761 50 669 50 732 50 726 50 775 50 745 50 606 50 639 50 651 49
48 805 50 651 1 659 50 631 50 689 50 787 50 820 40 702 44
49 531 50 506 50 532 50 489 50 307 1 257 50 503 50 339 26
50 976 20
51 702 6 660 50 835 50 756 50 616 50 743 50 736 50 833 50 821 50 629 50 749 50 748 50 776 22
52 776 28 836 50 734 50 765 32
53 614 50 765 18 768 50 645 50 772 50 810 37
54 810 13 622 50 780 50 827 50 746 50 665 50 809 50 608 50 677 50 744 5
55 744 45 609 50 668 50 662 50 597 27
56 597 23 611 50 814 23
57 814 27 803 50 778 50 777 50 783 50 641 25
58 559 50 555 50 557 50 554 50 551 11
59 784 50 770 19
60 580 46 590 16
61 17 18 12 50 5 24
62 641 25 627 50 617 49
63 617 1 632 22
64 879 50 881 50 911 46
65 911 4 913 38
66 632 28 770 6
67 34 50 28 19
68 770 25 638 27
69 601 50 590 34 585 2
70 774 13
71 223 39
72 638 23 774 37 701 50 740 50 648 50 791 50 839 50 716 50 771 3
73 55 50 63 50 48 50 89 24
74 992 11 840 13
75 771 47 757 50 840 37 683 50 913 12 585 48 591 50 792 50 576 50 634 50 951 3 938 50 785 50 826 35
76 826 15 842 50 612 50 598 50 628 50 624 50 636 14
77 636 36 613 50 807 50 853 50 644 50 858 50 920 49
78 3 50 5 26 7 50 14 50 6 50 15 50 4 22
79 579 50 920 1 819 50 848 50 587 50 849 50 850 50 595 50 822 50 813 7
80 939 50 828 3
